
	Peak file = ./homer_results_updated/shared_peaks/peaks_homer.bed
	Genome = hg38
	Organism = human
	Motif files:
		./homer_results_updated/shared_peaks/motifs/nonRedundant.motifs	-m
	Will produce a motif bed file: ./homer_results_updated/shared_peaks/motif_instances.bed
	Peak Region set to 200
	Peak/BED file conversion summary:
		BED/Header formatted lines: 21410
		peakfile formatted lines: 0
		Duplicated Peak IDs: 0

	Peak File Statistics:
		Total Peaks: 21410
		Redundant Peak IDs: 0
		Peaks lacking information: 0 (need at least 5 columns per peak)
		Peaks with misformatted coordinates: 0 (should be integer)
		Peaks with misformatted strand: 0 (should be either +/- or 0/1)

	Peak file looks good!

	Resizing peaks...
	Peak/BED file conversion summary:
		BED/Header formatted lines: 0
		peakfile formatted lines: 21410
		Duplicated Peak IDs: 0

	Peak File Statistics:
		Total Peaks: 21410
		Redundant Peak IDs: 0
		Peaks lacking information: 0 (need at least 5 columns per peak)
		Peaks with misformatted coordinates: 0 (should be integer)
		Peaks with misformatted strand: 0 (should be either +/- or 0/1)

	Peak file looks good!

	Extracting Sequence...
	Custom genome sequence directory: /ocean/projects/bio230007p/mccreary/.//data/genomes/hg38/

	Extracting sequences from file: /ocean/projects/bio230007p/mccreary/.//data/genomes/hg38//genome.fa
	Looking for peak sequences in a single file (/ocean/projects/bio230007p/mccreary/.//data/genomes/hg38//genome.fa)
	Extracting 2279 sequences from chr1
	Extracting 1019 sequences from chr10
	Extracting 1361 sequences from chr11
	Extracting 1224 sequences from chr12
	Extracting 413 sequences from chr13
	Extracting 753 sequences from chr14
	Extracting 746 sequences from chr15
	Extracting 797 sequences from chr16
	Extracting 1358 sequences from chr17
	Extracting 327 sequences from chr18
	Extracting 973 sequences from chr19
	Extracting 1520 sequences from chr2
	Extracting 628 sequences from chr20
	Extracting 165 sequences from chr21
	Extracting 440 sequences from chr22
	Extracting 1320 sequences from chr3
	Extracting 775 sequences from chr4
	Extracting 1149 sequences from chr5
	Extracting 970 sequences from chr6
	Extracting 931 sequences from chr7
	Extracting 749 sequences from chr8
	Extracting 951 sequences from chr9
	Extracting 562 sequences from chrX
	Reading Positions...
	Calculating CpG/GC Content of Peaks

	Sequences processed:
		Auto detected maximum sequence length of 201 bp
		21410 total

	-----------------------
	offset=-100
	Looking for Motifs...

	Reading input files...
	21410 total sequences read
	22 motifs loaded
	Finding instances of 22 motif(s)
	|0%                                    50%                                  100%|
	=================================================================================
	Finding Closest TSS...
	Annotating:.......................
		Annotation	Number of peaks	Total size (bp)	Log2 Ratio (obs/exp)	LogP enrichment (+values depleted)
		3UTR	101.0	27132416	-0.925	28.694
		miRNA	4.0	109554	2.369	-4.813
		ncRNA	131.0	7132742	1.378	-47.544
		TTS	319.0	32468647	0.475	-18.302
		pseudo	4.0	2094123	-1.888	6.915
		Exon	1026.0	37461929	1.954	-646.505
		Intron	5672.0	1260832437	-0.652	1068.641
		Intergenic	2331.0	1623206414	-2.299	8734.028
		Promoter	11160.0	36173306	5.448	-34721.286
		5UTR	661.0	2669935	5.130	-1722.360
		snoRNA	1.0	357	8.631	-5.984
		scRNA	0.0	97	-0.001	0.001
		rRNA	0.0	25562	-0.240	0.181
	NOTE: If this part takes more than 2 minutes, there is a good chance
		your machine ran out of memory: consider hitting ctrl+C and rerunning
		the command with "-noann"
	To capture annotation stats in a file, use "-annStats <filename>" next time
	Annotating:.......................
		Annotation	Number of peaks	Total size (bp)	Log2 Ratio (obs/exp)	LogP enrichment (+values depleted)
		3UTR	101.0	27132416	-0.924	28.643
		Retroposon	0.0	4043950	-4.888	28.584
		RC?	0.0	59641	-0.507	0.421
		RNA	0.0	107756	-0.817	0.761
		miRNA	4.0	109554	2.370	-4.814
		ncRNA	130.0	7132742	1.367	-46.625
		TTS	318.0	32468647	0.471	-18.012
		LINE	89.0	626518711	-5.636	4503.748
		srpRNA	0.0	261424	-1.509	1.847
		SINE	133.0	376897074	-4.323	2297.490
		RC	0.0	358685	-1.821	2.534
		tRNA	5.0	90990	2.960	-7.529
		DNA?	2.0	422156	-0.576	0.850
		pseudo	4.0	2094123	-1.887	6.909
		DNA	35.0	98908730	-4.319	572.050
		Exon	1023.0	37461929	1.951	-642.757
		Intron	3079.0	657832052	-0.594	375.598
		Intergenic	1689.0	738130028	-1.626	1983.834
		Promoter	11157.0	36173306	5.448	-34713.867
		5UTR	655.0	2669935	5.118	-1701.215
		snoRNA	1.0	357	8.631	-5.984
		LTR?	1.0	1136894	-3.006	5.831
		scRNA	0.0	121238	-0.893	0.856
		CpG-Island	2856.0	8784954	5.524	-8338.328
		Low_complexity	16.0	5391300	-1.251	10.014
		LTR	39.0	257518063	-5.544	1711.435
		Simple_repeat	71.0	33792674	-1.749	84.977
		snRNA	0.0	311487	-1.678	2.200
		Unknown	2.0	713558	-1.334	2.110
		SINE?	0.0	2674	-0.027	0.019
		Satellite	0.0	74131976	-9.071	530.158
		rRNA	0.0	199070	-1.267	1.406
	Counting Tags in Peaks from each directory...
	Organism: human
	Loading Gene Informaiton...
	Outputing Annotation File...
	Done annotating peaks file

