
	Position file = ./homer_results_updated/shared_peaks/peaks_homer.bed
	Genome = hg38
	Output Directory = ./homer_results_updated/shared_peaks/motifs
	Fragment size set to 200
	Will use repeat masked sequences
	Found mset for "human", will check against vertebrates motifs
	Peak/BED file conversion summary:
		BED/Header formatted lines: 21410
		peakfile formatted lines: 0

	Peak File Statistics:
		Total Peaks: 21410
		Redundant Peak IDs: 0
		Peaks lacking information: 0 (need at least 5 columns per peak)
		Peaks with misformatted coordinates: 0 (should be integer)
		Peaks with misformatted strand: 0 (should be either +/- or 0/1)

	Peak file looks good!

	Background files for 200 bp fragments found.
	Custom genome sequence directory: /ocean/projects/bio230007p/mccreary/.//data/genomes/hg38//

	Extracting sequences from file: /ocean/projects/bio230007p/mccreary/.//data/genomes/hg38///genome.fa
	Looking for peak sequences in a single file (/ocean/projects/bio230007p/mccreary/.//data/genomes/hg38///genome.fa)
	Extracting 2279 sequences from chr1
	Extracting 1019 sequences from chr10
	Extracting 1361 sequences from chr11
	Extracting 1224 sequences from chr12
	Extracting 413 sequences from chr13
	Extracting 753 sequences from chr14
	Extracting 746 sequences from chr15
	Extracting 797 sequences from chr16
	Extracting 1358 sequences from chr17
	Extracting 327 sequences from chr18
	Extracting 973 sequences from chr19
	Extracting 1520 sequences from chr2
	Extracting 628 sequences from chr20
	Extracting 165 sequences from chr21
	Extracting 440 sequences from chr22
	Extracting 1320 sequences from chr3
	Extracting 775 sequences from chr4
	Extracting 1149 sequences from chr5
	Extracting 970 sequences from chr6
	Extracting 931 sequences from chr7
	Extracting 749 sequences from chr8
	Extracting 951 sequences from chr9
	Extracting 562 sequences from chrX
		270 of 21410 removed because they had >70.00% Ns (i.e. masked repeats)

	Not removing redundant sequences


	Sequences processed:
		Auto detected maximum sequence length of 201 bp
		21140 total

	Frequency Bins: 0.2 0.25 0.3 0.35 0.4 0.45 0.5 0.6 0.7 0.8
	Freq	Bin	Count
	0.25	1	1
	0.3	2	9
	0.35	3	61
	0.4	4	294
	0.45	5	654
	0.5	6	1133
	0.6	7	4267
	0.7	8	7403
	0.8	9	6416
	10	10	902
	Max distance to merge: direct overlap required (-d given)
	Calculating co-bound peaks relative to reference: /ocean/projects/bio230007p/mccreary/.//data/genomes/hg38//preparsed//hg38r.200.pos

	Comparing peaks: (peakfile, overlapping peaks, logRatio(obs/expected), logP)
		./homer_results_updated/shared_peaks/motifs/target200.pos	31136	1.96	-24727.87

	Co-bound by 0 peaks: 1032328
	Co-bound by 1 peaks: 31136 (max: 31136 effective total)

	Total sequences set to 100000

	Choosing background that matches in CpG/GC content...
	Bin	# Targets	# Background	Background Weight
	1	1	4	0.933
	2	9	34	0.987
	3	61	228	0.998
	4	294	1097	1.000
	5	654	2440	1.000
	6	1133	4227	1.000
	7	4267	15917	1.000
	8	7403	28104	0.983
	9	6416	24020	0.996
	10	902	2791	1.206
	Assembling sequence file...
	Normalizing lower order oligos using homer2

	Reading input files...
	100002 total sequences read
	Autonormalization: 1-mers (4 total)
		A	17.69%	18.04%	0.981
		C	32.31%	31.96%	1.011
		G	32.31%	31.96%	1.011
		T	17.69%	18.04%	0.981
	Autonormalization: 2-mers (16 total)
		AA	3.98%	3.65%	1.090
		CA	5.90%	6.60%	0.894
		GA	5.81%	5.87%	0.990
		TA	1.99%	1.90%	1.049
		AC	4.22%	4.40%	0.958
		CC	11.46%	11.75%	0.975
		GC	10.82%	9.95%	1.087
		TC	5.81%	5.87%	0.990
		AG	7.04%	7.37%	0.955
		CG	7.93%	6.26%	1.267
		GG	11.46%	11.75%	0.975
		TG	5.90%	6.60%	0.894
		AT	2.45%	2.59%	0.944
		CT	7.04%	7.37%	0.955
		GT	4.22%	4.40%	0.958
		TT	3.98%	3.65%	1.090
	Autonormalization: 3-mers (64 total)
	Normalization weights can be found in file: ./homer_results_updated/shared_peaks/motifs/seq.autonorm.tsv
	Converging on autonormalization solution:
	...............................................................................
	Final normalization:	Autonormalization: 1-mers (4 total)
		A	17.69%	17.67%	1.001
		C	32.31%	32.33%	0.999
		G	32.31%	32.33%	0.999
		T	17.69%	17.67%	1.001
	Autonormalization: 2-mers (16 total)
		AA	3.98%	3.93%	1.012
		CA	5.90%	5.95%	0.992
		GA	5.81%	5.79%	1.003
		TA	1.99%	1.99%	1.001
		AC	4.22%	4.22%	0.999
		CC	11.46%	11.54%	0.994
		GC	10.82%	10.79%	1.003
		TC	5.81%	5.79%	1.003
		AG	7.04%	7.03%	1.002
		CG	7.93%	7.83%	1.012
		GG	11.46%	11.54%	0.994
		TG	5.90%	5.95%	0.992
		AT	2.45%	2.48%	0.988
		CT	7.04%	7.03%	1.002
		GT	4.22%	4.22%	0.999
		TT	3.98%	3.93%	1.012
	Autonormalization: 3-mers (64 total)
	Finished preparing sequence/group files

	----------------------------------------------------------
	Known motif enrichment

	Reading input files...
	100002 total sequences read
	472 motifs loaded
	Cache length = 11180
	Using binomial scoring
	Checking enrichment of 472 motif(s)
	|0%                                    50%                                  100%|
	=================================================================================
	Preparing HTML output with sequence logos...
		1 of 472 (1e-780) CTCF(Zf)/CD4+-CTCF-ChIP-Seq(Barski_et_al.)/Homer
		2 of 472 (1e-406) BORIS(Zf)/K562-CTCFL-ChIP-Seq(GSE32465)/Homer
		3 of 472 (1e-363) NFY(CCAAT)/Promoter/Homer
		4 of 472 (1e-350) KLF17(Zf)/2cell-Klf17-CutnTag(GSE211845)/Homer
		5 of 472 (1e-341) Sp5(Zf)/mES-Sp5.Flag-ChIP-Seq(GSE72989)/Homer
		6 of 472 (1e-325) Klf15(Zf)/Liver-Klf15-ChIP-Seq(GSE166083)/Homer
		7 of 472 (1e-306) Sp1(Zf)/Promoter/Homer
		8 of 472 (1e-281) KLF1(Zf)/HUDEP2-KLF1-CutnRun(GSE136251)/Homer
		9 of 472 (1e-266) Fli1(ETS)/CD8-FLI-ChIP-Seq(GSE20898)/Homer
		10 of 472 (1e-244) KLF3(Zf)/MEF-Klf3-ChIP-Seq(GSE44748)/Homer
		11 of 472 (1e-233) Sp2(Zf)/HEK293-Sp2.eGFP-ChIP-Seq(Encode)/Homer
		12 of 472 (1e-225) ETS1(ETS)/Jurkat-ETS1-ChIP-Seq(GSE17954)/Homer
		13 of 472 (1e-220) KLF14(Zf)/HEK293-KLF14.GFP-ChIP-Seq(GSE58341)/Homer
		14 of 472 (1e-215) Ronin(THAP)/ES-Thap11-ChIP-Seq(GSE51522)/Homer
		15 of 472 (1e-208) ETV4(ETS)/HepG2-ETV4-ChIP-Seq(ENCODE)/Homer
		16 of 472 (1e-207) ETV1(ETS)/GIST48-ETV1-ChIP-Seq(GSE22441)/Homer
		17 of 472 (1e-204) GFY-Staf(?,Zf)/Promoter/Homer
		18 of 472 (1e-200) KLF5(Zf)/LoVo-KLF5-ChIP-Seq(GSE49402)/Homer
		19 of 472 (1e-194) GABPA(ETS)/Jurkat-GABPa-ChIP-Seq(GSE17954)/Homer
		20 of 472 (1e-194) Elk4(ETS)/Hela-Elk4-ChIP-Seq(GSE31477)/Homer
		21 of 472 (1e-192) Elk1(ETS)/Hela-Elk1-ChIP-Seq(GSE31477)/Homer
		22 of 472 (1e-187) ERG(ETS)/VCaP-ERG-ChIP-Seq(GSE14097)/Homer
		23 of 472 (1e-187) Klf9(Zf)/GBM-Klf9-ChIP-Seq(GSE62211)/Homer
		24 of 472 (1e-185) Etv2(ETS)/ES-ER71-ChIP-Seq(GSE59402)/Homer
		25 of 472 (1e-176) Elf4(ETS)/BMDM-Elf4-ChIP-Seq(GSE88699)/Homer
		26 of 472 (1e-170) Fra2(bZIP)/Striatum-Fra2-ChIP-Seq(GSE43429)/Homer
		27 of 472 (1e-167) GFY(?)/Promoter/Homer
		28 of 472 (1e-162) JunB(bZIP)/DendriticCells-Junb-ChIP-Seq(GSE36099)/Homer
		29 of 472 (1e-160) Fra1(bZIP)/BT549-Fra1-ChIP-Seq(GSE46166)/Homer
		30 of 472 (1e-159) Fos(bZIP)/TSC-Fos-ChIP-Seq(GSE110950)/Homer
		31 of 472 (1e-158) ELF1(ETS)/Jurkat-ELF1-ChIP-Seq(SRA014231)/Homer
		32 of 472 (1e-157) KLF6(Zf)/PDAC-KLF6-ChIP-Seq(GSE64557)/Homer
		33 of 472 (1e-152) Fosl2(bZIP)/3T3L1-Fosl2-ChIP-Seq(GSE56872)/Homer
		34 of 472 (1e-152) AP-1(bZIP)/ThioMac-PU.1-ChIP-Seq(GSE21512)/Homer
		35 of 472 (1e-151) ETS(ETS)/Promoter/Homer
		36 of 472 (1e-151) Atf3(bZIP)/GBM-ATF3-ChIP-Seq(GSE33912)/Homer
		37 of 472 (1e-146) BATF(bZIP)/Th17-BATF-ChIP-Seq(GSE39756)/Homer
		38 of 472 (1e-142) Jun-AP1(bZIP)/K562-cJun-ChIP-Seq(GSE31477)/Homer
		39 of 472 (1e-134) EWS:FLI1-fusion(ETS)/SK_N_MC-EWS:FLI1-ChIP-Seq(SRA014231)/Homer
		40 of 472 (1e-119) EHF(ETS)/LoVo-EHF-ChIP-Seq(GSE49402)/Homer
		41 of 472 (1e-103) ELF5(ETS)/T47D-ELF5-ChIP-Seq(GSE30407)/Homer
		42 of 472 (1e-102) YY1(Zf)/Promoter/Homer
		43 of 472 (1e-96) Maz(Zf)/HepG2-Maz-ChIP-Seq(GSE31477)/Homer
		44 of 472 (1e-90) Klf4(Zf)/mES-Klf4-ChIP-Seq(GSE11431)/Homer
		45 of 472 (1e-86) ZNF148(Zf)/MDAMB231-ZNF148-ChIP-Seq(GSE147020)/Homer
		46 of 472 (1e-84) NFIL3(bZIP)/HepG2-NFIL3-ChIP-Seq(Encode)/Homer
		47 of 472 (1e-83) Atf1(bZIP)/K562-ATF1-ChIP-Seq(GSE31477)/Homer
		48 of 472 (1e-81) ELF3(ETS)/PDAC-ELF3-ChIP-Seq(GSE64557)/Homer
		49 of 472 (1e-77) EWS:ERG-fusion(ETS)/CADO_ES1-EWS:ERG-ChIP-Seq(SRA014231)/Homer
		50 of 472 (1e-75) TFE3(bHLH)/MEF-TFE3-ChIP-Seq(GSE75757)/Homer
		51 of 472 (1e-74) SPDEF(ETS)/VCaP-SPDEF-ChIP-Seq(SRA014231)/Homer
		52 of 472 (1e-73) Bach2(bZIP)/OCILy7-Bach2-ChIP-Seq(GSE44420)/Homer
		53 of 472 (1e-72) Usf2(bHLH)/C2C12-Usf2-ChIP-Seq(GSE36030)/Homer
		54 of 472 (1e-71) KLF10(Zf)/HEK293-KLF10.GFP-ChIP-Seq(GSE58341)/Homer
		55 of 472 (1e-70) Atf7(bZIP)/3T3L1-Atf7-ChIP-Seq(GSE56872)/Homer
		56 of 472 (1e-69) Atf2(bZIP)/3T3L1-Atf2-ChIP-Seq(GSE56872)/Homer
		57 of 472 (1e-66) CRE(bZIP)/Promoter/Homer
		58 of 472 (1e-63) CREB5(bZIP)/LNCaP-CREB5.V5-ChIP-Seq(GSE137775)/Homer
		59 of 472 (1e-63) NRF(NRF)/Promoter/Homer
		60 of 472 (1e-60) Ets1-distal(ETS)/CD4+-PolII-ChIP-Seq(Barski_et_al.)/Homer
		61 of 472 (1e-60) c-Jun-CRE(bZIP)/K562-cJun-ChIP-Seq(GSE31477)/Homer
		62 of 472 (1e-60) RFX(HTH)/K562-RFX3-ChIP-Seq(SRA012198)/Homer
		63 of 472 (1e-59) Rfx2(HTH)/LoVo-RFX2-ChIP-Seq(GSE49402)/Homer
		64 of 472 (1e-59) E-box(bHLH)/Promoter/Homer
		65 of 472 (1e-57) JunD(bZIP)/K562-JunD-ChIP-Seq/Homer
		66 of 472 (1e-54) NRF1(NRF)/MCF7-NRF1-ChIP-Seq(Unpublished)/Homer
		67 of 472 (1e-54) En1(Homeobox)/SUM149-EN1-ChIP-Seq(GSE120957)/Homer
		68 of 472 (1e-53) PU.1(ETS)/ThioMac-PU.1-ChIP-Seq(GSE21512)/Homer
		69 of 472 (1e-53) Lhx6/Neurons-Lhx6-ChIP-seq(GSE85704)/Homer
		70 of 472 (1e-47) MITF(bHLH)/MastCells-MITF-ChIP-Seq(GSE48085)/Homer
		71 of 472 (1e-47) ZNF143|STAF(Zf)/CUTLL-ZNF143-ChIP-Seq(GSE29600)/Homer
		72 of 472 (1e-44) PU.1-IRF(ETS:IRF)/Bcell-PU.1-ChIP-Seq(GSE21512)/Homer
		73 of 472 (1e-44) Tgif2(Homeobox)/mES-Tgif2-ChIP-Seq(GSE55404)/Homer
		74 of 472 (1e-43) Rfx5(HTH)/GM12878-Rfx5-ChIP-Seq(GSE31477)/Homer
		75 of 472 (1e-38) USF1(bHLH)/GM12878-Usf1-ChIP-Seq(GSE32465)/Homer
		76 of 472 (1e-38) Hoxa9(Homeobox)/ChickenMSG-Hoxa9.Flag-ChIP-Seq(GSE86088)/Homer
		77 of 472 (1e-36) GFX(?)/Promoter/Homer
		78 of 472 (1e-35) Smad3(MAD)/NPC-Smad3-ChIP-Seq(GSE36673)/Homer
		79 of 472 (1e-34) SpiB(ETS)/OCILY3-SPIB-ChIP-Seq(GSE56857)/Homer
		80 of 472 (1e-34) Rfx1(HTH)/NPC-H3K4me1-ChIP-Seq(GSE16256)/Homer
		81 of 472 (1e-33) CLOCK(bHLH)/Liver-Clock-ChIP-Seq(GSE39860)/Homer
		82 of 472 (1e-33) Nanog(Homeobox)/mES-Nanog-ChIP-Seq(GSE11724)/Homer
		83 of 472 (1e-33) X-box(HTH)/NPC-H3K4me1-ChIP-Seq(GSE16256)/Homer
		84 of 472 (1e-33) E2F4(E2F)/K562-E2F4-ChIP-Seq(GSE31477)/Homer
		85 of 472 (1e-31) MYB(HTH)/ERMYB-Myb-ChIPSeq(GSE22095)/Homer
		86 of 472 (1e-29) HLF(bZIP)/HSC-HLF.Flag-ChIP-Seq(GSE69817)/Homer
		87 of 472 (1e-29) ETS:RUNX(ETS,Runt)/Jurkat-RUNX1-ChIP-Seq(GSE17954)/Homer
		88 of 472 (1e-29) Meis1(Homeobox)/MastCells-Meis1-ChIP-Seq(GSE48085)/Homer
		89 of 472 (1e-29) Zfp281(Zf)/ES-Zfp281-ChIP-Seq(GSE81042)/Homer
		90 of 472 (1e-27) Tgif1(Homeobox)/mES-Tgif1-ChIP-Seq(GSE55404)/Homer
		91 of 472 (1e-26) Bach1(bZIP)/K562-Bach1-ChIP-Seq(GSE31477)/Homer
		92 of 472 (1e-24) Stat3(Stat)/mES-Stat3-ChIP-Seq(GSE11431)/Homer
		93 of 472 (1e-24) BMYB(HTH)/Hela-BMYB-ChIP-Seq(GSE27030)/Homer
		94 of 472 (1e-24) Stat3+il21(Stat)/CD4-Stat3-ChIP-Seq(GSE19198)/Homer
		95 of 472 (1e-23) AMYB(HTH)/Testes-AMYB-ChIP-Seq(GSE44588)/Homer
		96 of 472 (1e-23) Atf4(bZIP)/MEF-Atf4-ChIP-Seq(GSE35681)/Homer
		97 of 472 (1e-23) Mef2b(MADS)/HEK293-Mef2b.V5-ChIP-Seq(GSE67450)/Homer
		98 of 472 (1e-22) Nrf2(bZIP)/Lymphoblast-Nrf2-ChIP-Seq(GSE37589)/Homer
		99 of 472 (1e-21) TFDP1(E2F)/K562-TFDP1-ChIP-Seq(GSE105217)/Homer
		100 of 472 (1e-21) NF-E2(bZIP)/K562-NFE2-ChIP-Seq(GSE31477)/Homer
		101 of 472 (1e-21) STAT4(Stat)/CD4-Stat4-ChIP-Seq(GSE22104)/Homer
		102 of 472 (1e-21) Mef2d(MADS)/Retina-Mef2d-ChIP-Seq(GSE61391)/Homer
		103 of 472 (1e-21) TATA-Box(TBP)/Promoter/Homer
		104 of 472 (1e-20) bHLHE40(bHLH)/HepG2-BHLHE40-ChIP-Seq(GSE31477)/Homer
		105 of 472 (1e-18) Max(bHLH)/K562-Max-ChIP-Seq(GSE31477)/Homer
		106 of 472 (1e-18) E2F3(E2F)/MEF-E2F3-ChIP-Seq(GSE71376)/Homer
		107 of 472 (1e-18) BMAL1(bHLH)/Liver-Bmal1-ChIP-Seq(GSE39860)/Homer
		108 of 472 (1e-17) Foxo1(Forkhead)/RAW-Foxo1-ChIP-Seq(Fan_et_al.)/Homer
		109 of 472 (1e-17) Mef2a(MADS)/HL1-Mef2a.biotin-ChIP-Seq(GSE21529)/Homer
		110 of 472 (1e-17) MafA(bZIP)/Islet-MafA-ChIP-Seq(GSE30298)/Homer
		111 of 472 (1e-16) BANP(?)/ESC-Banp-ChIP-Seq(GSE155603)/Homer
		112 of 472 (1e-16) Chop(bZIP)/MEF-Chop-ChIP-Seq(GSE35681)/Homer
		113 of 472 (1e-16) Pknox1(Homeobox)/ES-Prep1-ChIP-Seq(GSE63282)/Homer
		114 of 472 (1e-15) Mef2c(MADS)/GM12878-Mef2c-ChIP-Seq(GSE32465)/Homer
		115 of 472 (1e-15) ZNF467(Zf)/HEK293-ZNF467.GFP-ChIP-Seq(GSE58341)/Homer
		116 of 472 (1e-15) IRF8(IRF)/BMDM-IRF8-ChIP-Seq(GSE77884)/Homer
		117 of 472 (1e-15) CEBP(bZIP)/ThioMac-CEBPb-ChIP-Seq(GSE21512)/Homer
		118 of 472 (1e-15) LHX9(Homeobox)/Hct116-LHX9.V5-ChIP-Seq(GSE116822)/Homer
		119 of 472 (1e-15) NFE2L2(bZIP)/HepG2-NFE2L2-ChIP-Seq(Encode)/Homer
		120 of 472 (1e-14) Gfi1b(Zf)/HPC7-Gfi1b-ChIP-Seq(GSE22178)/Homer
		121 of 472 (1e-14) Npas4(bHLH)/Neuron-Npas4-ChIP-Seq(GSE127793)/Homer
		122 of 472 (1e-14) E2F6(E2F)/Hela-E2F6-ChIP-Seq(GSE31477)/Homer
		123 of 472 (1e-13) c-Myc(bHLH)/LNCAP-cMyc-ChIP-Seq(Unpublished)/Homer
		124 of 472 (1e-12) n-Myc(bHLH)/mES-nMyc-ChIP-Seq(GSE11431)/Homer
		125 of 472 (1e-12) NPAS(bHLH)/Liver-NPAS-ChIP-Seq(GSE39860)/Homer
		126 of 472 (1e-12) Brn1(POU,Homeobox)/NPC-Brn1-ChIP-Seq(GSE35496)/Homer
		127 of 472 (1e-12) WT1(Zf)/Kidney-WT1-ChIP-Seq(GSE90016)/Homer
		128 of 472 (1e-12) Pbx3(Homeobox)/GM12878-PBX3-ChIP-Seq(GSE32465)/Homer
		129 of 472 (1e-12) PBX2(Homeobox)/K562-PBX2-ChIP-Seq(Encode)/Homer
		130 of 472 (1e-12) EKLF(Zf)/Erythrocyte-Klf1-ChIP-Seq(GSE20478)/Homer
		131 of 472 (1e-11) Bcl11a(Zf)/HSPC-BCL11A-ChIP-Seq(GSE104676)/Homer
		132 of 472 (1e-11) CArG(MADS)/PUER-Srf-ChIP-Seq(Sullivan_et_al.)/Homer
		133 of 472 (1e-11) NF1(CTF)/LNCAP-NF1-ChIP-Seq(Unpublished)/Homer
		134 of 472 (1e-11) Rfx6(HTH)/Min6b1-Rfx6.HA-ChIP-Seq(GSE62844)/Homer
		135 of 472 (1e-11) Gsx2(Homeobox)/LGE-Gsx2.Flag-ChIP-Seq(GSE162589)/Homer
		136 of 472 (1e-11) CEBP:AP1(bZIP)/ThioMac-CEBPb-ChIP-Seq(GSE21512)/Homer
		137 of 472 (1e-10) MNT(bHLH)/HepG2-MNT-ChIP-Seq(Encode)/Homer
		138 of 472 (1e-10) CTCF-SatelliteElement(Zf?)/CD4+-CTCF-ChIP-Seq(Barski_et_al.)/Homer
		139 of 472 (1e-10) STAT1(Stat)/HelaS3-STAT1-ChIP-Seq(GSE12782)/Homer
		140 of 472 (1e-10) ZBTB33(Zf)/GM12878-ZBTB33-ChIP-Seq(GSE32465)/Homer
		141 of 472 (1e-10) Pitx1(Homeobox)/Chicken-Pitx1-ChIP-Seq(GSE38910)/Homer
		142 of 472 (1e-10) Oct4(POU,Homeobox)/mES-Oct4-ChIP-Seq(GSE11431)/Homer
		143 of 472 (1e-10) Hoxc9(Homeobox)/Ainv15-Hoxc9-ChIP-Seq(GSE21812)/Homer
		144 of 472 (1e-9) Egr2(Zf)/Thymocytes-Egr2-ChIP-Seq(GSE34254)/Homer
		145 of 472 (1e-9) Emx2(Homeobox)/Cortex-Emx2-ChIP-Seq(GSE183130)/Homer
		146 of 472 (1e-9) NF1-halfsite(CTF)/LNCaP-NF1-ChIP-Seq(Unpublished)/Homer
		147 of 472 (1e-9) FOXP1(Forkhead)/H9-FOXP1-ChIP-Seq(GSE31006)/Homer
		148 of 472 (1e-9) Hoxa11(Homeobox)/ChickenMSG-Hoxa11.Flag-ChIP-Seq(GSE86088)/Homer
		149 of 472 (1e-9) PU.1:IRF8(ETS:IRF)/pDC-Irf8-ChIP-Seq(GSE66899)/Homer
		150 of 472 (1e-8) Oct6(POU,Homeobox)/NPC-Pou3f1-ChIP-Seq(GSE35496)/Homer
		151 of 472 (1e-8) Hoxc13(Homeobox)/EB-Hoxc13.HA-ChIP-Seq(GSE142377)/Homer
		152 of 472 (1e-8) Hoxd11(Homeobox)/ChickenMSG-Hoxd11.Flag-ChIP-Seq(GSE86088)/Homer
		153 of 472 (1e-8) Lhx3(Homeobox)/Neuron-Lhx3-ChIP-Seq(GSE31456)/Homer
		154 of 472 (1e-8) PBX1(Homeobox)/MCF7-PBX1-ChIP-Seq(GSE28007)/Homer
		155 of 472 (1e-8) Egr1(Zf)/K562-Egr1-ChIP-Seq(GSE32465)/Homer
		156 of 472 (1e-8) Foxa3(Forkhead)/Liver-Foxa3-ChIP-Seq(GSE77670)/Homer
		157 of 472 (1e-8) NFATC2(RHD)/Islets-NFATC2-ChIP-Seq(GSE158496)/Homer
		158 of 472 (1e-7) ARE(NR)/LNCAP-AR-ChIP-Seq(GSE27824)/Homer
		159 of 472 (1e-7) OCT:OCT(POU,Homeobox)/NPC-Brn1-ChIP-Seq(GSE35496)/Homer
		160 of 472 (1e-7) bHLHE41(bHLH)/proB-Bhlhe41-ChIP-Seq(GSE93764)/Homer
		161 of 472 (1e-7) Tlx?(NR)/NPC-H3K4me1-ChIP-Seq(GSE16256)/Homer
		162 of 472 (1e-7) THRb(NR)/HepG2-THRb.Flag-ChIP-Seq(Encode)/Homer
		163 of 472 (1e-7) Six1(Homeobox)/Myoblast-Six1-ChIP-Chip(GSE20150)/Homer
		164 of 472 (1e-7) MafK(bZIP)/C2C12-MafK-ChIP-Seq(GSE36030)/Homer
		165 of 472 (1e-7) Oct11(POU,Homeobox)/NCIH1048-POU2F3-ChIP-seq(GSE115123)/Homer
		166 of 472 (1e-7) IRF3(IRF)/BMDM-Irf3-ChIP-Seq(GSE67343)/Homer
		167 of 472 (1e-7) ETS:E-box(ETS,bHLH)/HPC7-Scl-ChIP-Seq(GSE22178)/Homer
		168 of 472 (1e-7) GRE(NR),IR3/A549-GR-ChIP-Seq(GSE32465)/Homer
		169 of 472 (1e-7) E2F1(E2F)/Hela-E2F1-ChIP-Seq(GSE22478)/Homer
		170 of 472 (1e-7) Rbpj1(?)/Panc1-Rbpj1-ChIP-Seq(GSE47459)/Homer
		171 of 472 (1e-6) FOXK2(Forkhead)/U2OS-FOXK2-ChIP-Seq(E-MTAB-2204)/Homer
		172 of 472 (1e-6) Foxo3(Forkhead)/U2OS-Foxo3-ChIP-Seq(E-MTAB-2701)/Homer
		173 of 472 (1e-6) COUP-TFII(NR)/Artia-Nr2f2-ChIP-Seq(GSE46497)/Homer
		174 of 472 (1e-6) LXRE(NR),DR4/RAW-LXRb.biotin-ChIP-Seq(GSE21512)/Homer
		175 of 472 (1e-6) PRDM1(Zf)/Hela-PRDM1-ChIP-Seq(GSE31477)/Homer
		176 of 472 (1e-6) STAT5(Stat)/mCD4+-Stat5-ChIP-Seq(GSE12346)/Homer
		177 of 472 (1e-6) Smad2(MAD)/ES-SMAD2-ChIP-Seq(GSE29422)/Homer
		178 of 472 (1e-6) Hoxa13(Homeobox)/ChickenMSG-Hoxa13.Flag-ChIP-Seq(GSE86088)/Homer
		179 of 472 (1e-6) PRDM15(Zf)/ESC-Prdm15-ChIP-Seq(GSE73694)/Homer
		180 of 472 (1e-6) Foxf1(Forkhead)/Lung-Foxf1-ChIP-Seq(GSE77951)/Homer
		181 of 472 (1e-6) Six2(Homeobox)/NephronProgenitor-Six2-ChIP-Seq(GSE39837)/Homer
		182 of 472 (1e-6) Sox10(HMG)/SciaticNerve-Sox3-ChIP-Seq(GSE35132)/Homer
		183 of 472 (1e-5) IRF2(IRF)/Erythroblas-IRF2-ChIP-Seq(GSE36985)/Homer
		184 of 472 (1e-5) RORg(NR)/Liver-Rorc-ChIP-Seq(GSE101115)/Homer
		185 of 472 (1e-5) ZNF91(Zf)/HEK-ZNF91.HA-ChIP-Seq(GSE162571)/Homer
		186 of 472 (1e-5) Sox7(HMG)/ESC-Sox7-ChIP-Seq(GSE133899)/Homer
		187 of 472 (1e-5) TEAD(TEA)/Fibroblast-PU.1-ChIP-Seq(Unpublished)/Homer
		188 of 472 (1e-5) IRF1(IRF)/PBMC-IRF1-ChIP-Seq(GSE43036)/Homer
		189 of 472 (1e-5) NFAT:AP1(RHD,bZIP)/Jurkat-NFATC1-ChIP-Seq(Jolma_et_al.)/Homer
		190 of 472 (1e-5) Hoxd10(Homeobox)/ChickenMSG-Hoxd10.Flag-ChIP-Seq(GSE86088)/Homer
		191 of 472 (1e-5) NeuroD1(bHLH)/Islet-NeuroD1-ChIP-Seq(GSE30298)/Homer
		192 of 472 (1e-5) SOX1(HMG)/NPC-SOX1-ChIP-Seq(GSE138215)/Homer
		193 of 472 (1e-5) E2F7(E2F)/Hela-E2F7-ChIP-Seq(GSE32673)/Homer
		194 of 472 (1e-5) GRE(NR),IR3/RAW264.7-GRE-ChIP-Seq(Unpublished)/Homer
		195 of 472 (1e-5) Hoxc10(Homeobox)/EB-Hoxc10.iFlag-ChIP-Seq(GSE142377)/Homer
		196 of 472 (1e-5) FoxL2(Forkhead)/Ovary-FoxL2-ChIP-Seq(GSE60858)/Homer
		197 of 472 (1e-5) FOXK1(Forkhead)/HEK293-FOXK1-ChIP-Seq(GSE51673)/Homer
		198 of 472 (1e-5) Hoxd13(Homeobox)/ChickenMSG-Hoxd13.Flag-ChIP-Seq(GSE86088)/Homer
		199 of 472 (1e-5) Sox6(HMG)/Myotubes-Sox6-ChIP-Seq(GSE32627)/Homer
		200 of 472 (1e-5) CRX(Homeobox)/Retina-Crx-ChIP-Seq(GSE20012)/Homer
		201 of 472 (1e-5) ZNF317(Zf)/HEK293-ZNF317.GFP-ChIP-Seq(GSE58341)/Homer
		202 of 472 (1e-4) ISRE(IRF)/ThioMac-LPS-Expression(GSE23622)/Homer
		203 of 472 (1e-4) Hoxd12(Homeobox)/ChickenMSG-Hoxd12.Flag-ChIP-Seq(GSE86088)/Homer
		204 of 472 (1e-4) THRa(NR)/C17.2-THRa-ChIP-Seq(GSE38347)/Homer
		205 of 472 (1e-4) PGR(NR)/EndoStromal-PGR-ChIP-Seq(GSE69539)/Homer
		206 of 472 (1e-4) TR4(NR),DR1/Hela-TR4-ChIP-Seq(GSE24685)/Homer
		207 of 472 (1e-4) Hoxd9(Homeobox)/EB-Hoxd9.HA-ChIP-Seq(GSE142377)/Homer
		208 of 472 (1e-4) Arnt:Ahr(bHLH)/MCF7-Arnt-ChIP-Seq(Lo_et_al.)/Homer
		209 of 472 (1e-4) RUNX1(Runt)/Jurkat-RUNX1-ChIP-Seq(GSE29180)/Homer
		210 of 472 (1e-4) Duxbl(Homeobox)/NIH3T3-Duxbl.HA-ChIP-Seq(GSE119782)/Homer
		211 of 472 (1e-4) TEAD1(TEAD)/HepG2-TEAD1-ChIP-Seq(Encode)/Homer
		212 of 472 (1e-4) HOXA3(Homeobox)/mEmbryo-Hoxa3-ChIP-Seq(E-MTAB-8607)/Homer
		213 of 472 (1e-4) MafB(bZIP)/BMM-Mafb-ChIP-Seq(GSE75722)/Homer
		214 of 472 (1e-4) Ap4(bHLH)/AML-Tfap4-ChIP-Seq(GSE45738)/Homer
		215 of 472 (1e-4) CDX4(Homeobox)/ZebrafishEmbryos-Cdx4.Myc-ChIP-Seq(GSE48254)/Homer
		216 of 472 (1e-4) Sox3(HMG)/NPC-Sox3-ChIP-Seq(GSE33059)/Homer
		217 of 472 (1e-4) HOXB13(Homeobox)/ProstateTumor-HOXB13-ChIP-Seq(GSE56288)/Homer
		218 of 472 (1e-4) Atoh7(bHLH)/Retina-Atoh7-CutnRun(GSE156756)/Homer
		219 of 472 (1e-4) p73(p53)/Trachea-p73-ChIP-Seq(PRJNA310161)/Homer
		220 of 472 (1e-4) Sox17(HMG)/Endoderm-Sox17-ChIP-Seq(GSE61475)/Homer
		221 of 472 (1e-4) Hoxa10(Homeobox)/ChickenMSG-Hoxa10.Flag-ChIP-Seq(GSE86088)/Homer
		222 of 472 (1e-4) Sox21(HMG)/ESC-SOX21-ChIP-Seq(GSE110505)/Homer
		223 of 472 (1e-4) HIC1(Zf)/Treg-ZBTB29-ChIP-Seq(GSE99889)/Homer
		224 of 472 (1e-4) Isl1(Homeobox)/Neuron-Isl1-ChIP-Seq(GSE31456)/Homer
		225 of 472 (1e-4) HIF-1b(HLH)/T47D-HIF1b-ChIP-Seq(GSE59937)/Homer
		226 of 472 (1e-4) NFkB-p65-Rel(RHD)/ThioMac-LPS-Expression(GSE23622)/Homer
		227 of 472 (1e-4) Unknown(Homeobox)/Limb-p300-ChIP-Seq/Homer
		228 of 472 (1e-4) ZNF341(Zf)/EBV-ZNF341-ChIP-Seq(GSE113194)/Homer
		229 of 472 (1e-3) NFAT(RHD)/Jurkat-NFATC1-ChIP-Seq(Jolma_et_al.)/Homer
		230 of 472 (1e-3) NPAS2(bHLH)/Liver-NPAS2-ChIP-Seq(GSE39860)/Homer
		231 of 472 (1e-3) E2F(E2F)/Hela-CellCycle-Expression/Homer
		232 of 472 (1e-3) Nkx6.1(Homeobox)/Islet-Nkx6.1-ChIP-Seq(GSE40975)/Homer
		233 of 472 (1e-3) Esrrb(NR)/mES-Esrrb-ChIP-Seq(GSE11431)/Homer
		234 of 472 (1e-3) Hoxb4(Homeobox)/ES-Hoxb4-ChIP-Seq(GSE34014)/Homer
		235 of 472 (1e-3) Oct2(POU,Homeobox)/Bcell-Oct2-ChIP-Seq(GSE21512)/Homer
		236 of 472 (1e-3) ZBTB9(Zf)/HEK293T-ZBTB9-ChIP-Seq(GSE251687)/Homer
		237 of 472 (1e-3) Pdx1(Homeobox)/Islet-Pdx1-ChIP-Seq(SRA008281)/Homer
		238 of 472 (1e-3) ZNF410(Zf)/CD34-ZNF410-ChIP-Seq(GSE154960)/Homer
		239 of 472 (1e-3) Tcfcp2l1(CP2)/mES-Tcfcp2l1-ChIP-Seq(GSE11431)/Homer
		240 of 472 (1e-3) Olig2(bHLH)/Neuron-Olig2-ChIP-Seq(GSE30882)/Homer
		241 of 472 (1e-3) ZBTB38(Zf)/Hela-ZBTB38-ChIP-seq(GSE108618)/Homer
		242 of 472 (1e-3) Smad4(MAD)/ESC-SMAD4-ChIP-Seq(GSE29422)/Homer
		243 of 472 (1e-3) Tbx20(T-box)/Heart-Tbx20-ChIP-Seq(GSE29636)/Homer
		244 of 472 (1e-3) Znf263(Zf)/K562-Znf263-ChIP-Seq(GSE31477)/Homer
		245 of 472 (1e-3) SCL(bHLH)/HPC7-Scl-ChIP-Seq(GSE13511)/Homer
		246 of 472 (1e-2) Sox2(HMG)/mES-Sox2-ChIP-Seq(GSE11431)/Homer
		247 of 472 (1e-2) Mesp1(bHLH)/ESC-Mesp1-ChIP-Seq(GSE165102)/Homer
		248 of 472 (1e-2) Foxa2(Forkhead)/Liver-Foxa2-ChIP-Seq(GSE25694)/Homer
		249 of 472 (1e-2) T1ISRE(IRF)/ThioMac-Ifnb-Expression/Homer
		250 of 472 (1e-2) ZNF189(Zf)/HEK293-ZNF189.GFP-ChIP-Seq(GSE58341)/Homer
		251 of 472 (1e-2) Zfp57(Zf)/H1-ZFP57.HA-ChIP-Seq(GSE115387)/Homer
		252 of 472 (1e-2) p53(p53)/Saos-p53-ChIP-Seq(GSE15780)/Homer
		253 of 472 (1e-2) p53(p53)/Saos-p53-ChIP-Seq/Homer
		254 of 472 (1e-2) Atoh1(bHLH)/Cerebellum-Atoh1-ChIP-Seq(GSE22111)/Homer
		255 of 472 (1e-2) RARa(NR)/K562-RARa-ChIP-Seq(Encode)/Homer
		256 of 472 (1e-2) TEAD4(TEA)/Tropoblast-Tead4-ChIP-Seq(GSE37350)/Homer
		257 of 472 (1e-2) Fox:Ebox(Forkhead,bHLH)/Panc1-Foxa2-ChIP-Seq(GSE47459)/Homer
		258 of 472 (1e-2) GSC(Homeobox)/FrogEmbryos-GSC-ChIP-Seq(DRA000576)/Homer
		259 of 472 (1e-2) MyoD(bHLH)/Myotube-MyoD-ChIP-Seq(GSE21614)/Homer
		260 of 472 (1e-2) RORa(NR)/Liver-Rora-ChIP-Seq(GSE101115)/Homer
		261 of 472 (1e-2) Hoxc6(Homeobox)/EB-Hoxc6.iFlag-ChIP-Seq(GSE142377)/Homer
		262 of 472 (1e-2) GRHL2(CP2)/HBE-GRHL2-ChIP-Seq(GSE46194)/Homer
		263 of 472 (1e-2) RORgt(NR)/EL4-RORgt.Flag-ChIP-Seq(GSE56019)/Homer
		264 of 472 (1e-2) RORgt(NR)/EL4-RORgt.Flag-ChIP-Seq(GSE56019)/Homer
		265 of 472 (1e-2) GATA3(Zf),DR8/iTreg-Gata3-ChIP-Seq(GSE20898)/Homer
		266 of 472 (1e-2) TEAD2(TEA)/Py2T-Tead2-ChIP-Seq(GSE55709)/Homer
		267 of 472 (1e-2) PAX5(Paired,Homeobox),condensed/GM12878-PAX5-ChIP-Seq(GSE32465)/Homer
		268 of 472 (1e-2) FOXM1(Forkhead)/MCF7-FOXM1-ChIP-Seq(GSE72977)/Homer
		269 of 472 (1e-2) CUX1(Homeobox)/K562-CUX1-ChIP-Seq(GSE92882)/Homer
		270 of 472 (1e-2) Bapx1(Homeobox)/VertebralCol-Bapx1-ChIP-Seq(GSE36672)/Homer
		271 of 472 (1e-2) Nkx3.1(Homeobox)/LNCaP-Nkx3.1-ChIP-Seq(GSE28264)/Homer
		272 of 472 (1e-2) Nur77(NR)/K562-NR4A1-ChIP-Seq(GSE31363)/Homer
		273 of 472 (1e-2) DMRT1(DM)/Testis-DMRT1-ChIP-Seq(GSE64892)/Homer
		274 of 472 (1e-2) FOXA1(Forkhead)/LNCAP-FOXA1-ChIP-Seq(GSE27824)/Homer
		275 of 472 (1e-2) ZNF7(Zf)/HepG2-ZNF7.Flag-ChIP-Seq(Encode)/Homer
		276 of 472 (1e-2) RUNX(Runt)/HPC7-Runx1-ChIP-Seq(GSE22178)/Homer
		277 of 472 (1e-2) PRDM10(Zf)/HEK293-PRDM10.eGFP-ChIP-Seq(Encode)/Homer
		278 of 472 (1e-2) FOXA1(Forkhead)/MCF7-FOXA1-ChIP-Seq(GSE26831)/Homer
		279 of 472 (1e-2) Pax8(Paired,Homeobox)/Thyroid-Pax8-ChIP-Seq(GSE26938)/Homer
		280 of 472 (1e-2) TEAD3(TEA)/HepG2-TEAD3-ChIP-Seq(Encode)/Homer
		281 of 472 (1e-2) Six4(Homeobox)/MCF7-SIX4-ChIP-Seq(Encode)/Homer
		282 of 472 (1e-2) FoxD3(forkhead)/ZebrafishEmbryo-Foxd3.biotin-ChIP-seq(GSE106676)/Homer
		283 of 472 (1e-2) IRF4(IRF)/GM12878-IRF4-ChIP-Seq(GSE32465)/Homer
		284 of 472 (1e-2) Myf5(bHLH)/GM-Myf5-ChIP-Seq(GSE24852)/Homer
		285 of 472 (1e-2) Tbox:Smad(T-box,MAD)/ESCd5-Smad2_3-ChIP-Seq(GSE29422)/Homer
		286 of 472 (1e-2) c-Myc(bHLH)/mES-cMyc-ChIP-Seq(GSE11431)/Homer
		287 of 472 (1e-2) Sox15(HMG)/CPA-Sox15-ChIP-Seq(GSE62909)/Homer
		288 of 472 (1e-2) PAX3:FKHR-fusion(Paired,Homeobox)/Rh4-PAX3:FKHR-ChIP-Seq(GSE19063)/Homer
		289 of 472 (1e-2) PR(NR)/T47D-PR-ChIP-Seq(GSE31130)/Homer
		290 of 472 (1e-2) ZSCAN22(Zf)/HEK293-ZSCAN22.GFP-ChIP-Seq(GSE58341)/Homer
	----------------------------------------------------------
	De novo motif finding (HOMER)

	Scanning input files...
	Parsing sequences...
	|0%                                   50%                                  100%|
	================================================================================
	Total number of Oligos: 32896
	Autoadjustment for sequence coverage in background: 0.97x

	Oligos: 32896 of 34497 max
	Tree  : 66892 of 172485 max
	Optimizing memory usage...
	Cache length = 11180
	Using binomial scoring

	Global Optimization Phase: Looking for enriched oligos with up to 2 mismatches...

	Screening oligos 32896 (allowing 0 mismatches):
	|0%                                   50%                                  100%|
	================================================================================
		0.01% skipped, 99.99% checked (32892 of 32896), of those checked:
		0.01% not in target, 0.00% increased p-value, 0.00% high p-value

	Screening oligos 32896 (allowing 1 mismatches):
	|0%                                   50%                                  100%|
	================================================================================
		0.01% skipped, 99.99% checked (32892 of 32896), of those checked:
		0.00% not in target, 44.50% increased p-value, 44.72% high p-value

	Screening oligos 32896 (allowing 2 mismatches):
	|0%                                   50%                                  100%|
	================================================================================
		57.41% skipped, 42.59% checked (14012 of 32896), of those checked:
		0.00% not in target, 16.40% increased p-value, 0.00% high p-value
	Reading input files...
	100002 total sequences read
	Cache length = 11180
	Using binomial scoring

	Local Optimization Phase:
	1 of 25 Initial Sequence: GCCAATCG... (-494.051)
		Round 1: -1180.95 GCCAATCR T:4084.0(17.57%),B:5760.6(7.42%),P:1e-512
		Round 2: -1180.95 GCCAATCR T:4084.0(17.57%),B:5760.6(7.42%),P:1e-512
		=Final=: -798.16 GCCAATCR T:2540.0(12.02%),B:3857.3(5.02%),P:1e-346
		Performing exhaustive masking of motif...
		Reprioritizing potential motifs...
	2 of 25 Initial Sequence: GGGCGGGG... (-312.565)
		Round 1: -515.14 GGGCGGGG T:10786.0(39.96%),B:26255.3(29.64%),P:1e-223
		Round 2: -531.39 GGGCGGAA T:12474.0(44.57%),B:30790.3(33.78%),P:1e-230
		Round 3: -548.70 AGGCGGGA T:14740.0(50.21%),B:36910.6(38.99%),P:1e-238
		Round 4: -550.43 GGGCGGGG T:13722.0(47.75%),B:34054.0(36.62%),P:1e-239
		Round 5: -550.43 GGGCGGGG T:13722.0(47.75%),B:34054.0(36.62%),P:1e-239
		=Final=: -478.45 GGGCGGGG T:8469.0(40.06%),B:23118.0(30.09%),P:1e-207
		Performing exhaustive masking of motif...
		Reprioritizing potential motifs...
	3 of 25 Initial Sequence: CACTTCCG... (-254.142)
		Round 1: -480.07 CACTTCCG T:7237.0(28.99%),B:16741.3(20.08%),P:1e-208
		Round 2: -480.07 CACTTCCG T:7237.0(28.99%),B:16741.3(20.08%),P:1e-208
		=Final=: -472.43 CACTTCCG T:5412.0(25.60%),B:13225.8(17.21%),P:1e-205
		Performing exhaustive masking of motif...
		Reprioritizing potential motifs...
	4 of 25 Initial Sequence: ATGAGTCA... (-226.289)
		Round 1: -682.41 ATGAGTCA T:2074.0(9.35%),B:2802.9(3.68%),P:1e-296
		Round 2: -682.41 ATGAGTCA T:2074.0(9.35%),B:2802.9(3.68%),P:1e-296
		=Final=: -348.05 ATGAGTCA T:1038.0(4.91%),B:1494.2(1.94%),P:1e-151
		Performing exhaustive masking of motif...
		Reprioritizing potential motifs...
	5 of 25 Initial Sequence: CACGTGAC... (-187.270)
		Round 1: -290.88 GACGTCAC T:1910.0(8.64%),B:3636.8(4.75%),P:1e-126
		Round 2: -369.79 YACGTCAC T:2164.0(9.73%),B:3941.4(5.14%),P:1e-160
		Round 3: -388.48 GACGTCAY T:3017.0(13.30%),B:6008.7(7.73%),P:1e-168
		Round 4: -410.37 GACGTCAC T:1971.0(8.90%),B:3327.2(4.36%),P:1e-178
		Round 5: -410.37 GACGTCAC T:1971.0(8.90%),B:3327.2(4.36%),P:1e-178
		=Final=: -285.64 GACGTCAC T:1411.0(6.67%),B:2575.1(3.35%),P:1e-124
		Performing exhaustive masking of motif...
		Reprioritizing potential motifs...
	6 of 25 Initial Sequence: CGCCATCT... (-163.861)
		Round 1: -270.76 CGCCATCT T:1519.0(6.93%),B:2742.0(3.60%),P:1e-117
		Round 2: -270.76 CGCCATCT T:1519.0(6.93%),B:2742.0(3.60%),P:1e-117
		=Final=: -300.21 CGCCATCT T:1472.0(6.96%),B:2680.8(3.49%),P:1e-130
		Performing exhaustive masking of motif...
		Reprioritizing potential motifs...
	7 of 25 Initial Sequence: GCATGCGC... (-128.341)
		Round 1: -202.84 GCATGCGC T:1213.0(5.58%),B:2250.7(2.97%),P:1e-88
		Round 2: -202.84 GCATGCGC T:1213.0(5.58%),B:2250.7(2.97%),P:1e-88
		=Final=: -117.11 GCATGCGC T:831.0(3.93%),B:1718.5(2.24%),P:1e-50
		Performing exhaustive masking of motif...
		Reprioritizing potential motifs...
	8 of 25 Initial Sequence: TTGTAGTT... (-106.858)
		Round 1: -200.10 TTGTAGTY T:438.0(2.05%),B:499.4(0.67%),P:1e-86
		Round 2: -209.56 ATGTAGTT T:566.0(2.64%),B:734.4(0.98%),P:1e-91
		Round 3: -209.56 ATGTAGTT T:566.0(2.64%),B:734.4(0.98%),P:1e-91
		=Final=: -179.52 ATGTAGTT T:512.0(2.42%),B:717.7(0.93%),P:1e-77
		Performing exhaustive masking of motif...
		Reprioritizing potential motifs...
	9 of 25 Initial Sequence: TCTCGCGA... (-106.250)
		Round 1: -116.65 TATCGCGA T:371.0(1.74%),B:530.9(0.71%),P:1e-50
		Round 2: -121.58 TATCGCGA T:396.0(1.86%),B:574.4(0.77%),P:1e-52
		Round 3: -121.58 TATCGCGA T:396.0(1.86%),B:574.4(0.77%),P:1e-52
		=Final=: -75.50 TATCGCGA T:267.0(1.26%),B:421.3(0.55%),P:1e-32
		Performing exhaustive masking of motif...
		Reprioritizing potential motifs...
	10 of 25 Initial Sequence: TGACGCAA... (-73.244)
		Round 1: -132.60 TGACGCAA T:4343.0(18.57%),B:11735.2(14.54%),P:1e-57
		Round 2: -132.60 TGACGCAA T:4343.0(18.57%),B:11735.2(14.54%),P:1e-57
		=Final=: -145.41 TGACGCAA T:3857.0(18.25%),B:10807.1(14.07%),P:1e-63
		Performing exhaustive masking of motif...
		Reprioritizing potential motifs...
	11 of 25 Initial Sequence: TCTAGTGG... (-61.358)
		Round 1: -96.35 TCTAGTGG T:308.0(1.45%),B:443.2(0.59%),P:1e-41
		Round 2: -96.35 TCTAGTGG T:308.0(1.45%),B:443.2(0.59%),P:1e-41
		=Final=: -100.62 TCTAGTGG T:304.0(1.44%),B:441.2(0.57%),P:1e-43
		Performing exhaustive masking of motif...
		Reprioritizing potential motifs...
	12 of 25 Initial Sequence: ACCGGAAA... (-59.448)
		Round 1: -151.00 ACCGGAAA T:4176.0(17.93%),B:11007.0(13.70%),P:1e-65
		Round 2: -156.71 ACCGGAAA T:2784.0(12.34%),B:6837.5(8.75%),P:1e-68
		Round 3: -191.67 RSCGGAWA T:6637.0(26.95%),B:17912.0(21.32%),P:1e-83
		Round 4: -191.67 RSCGGAWA T:6637.0(26.95%),B:17912.0(21.32%),P:1e-83
		=Final=: -222.29 RSCGGAWA T:5666.0(26.80%),B:15967.3(20.78%),P:1e-96
		Performing exhaustive masking of motif...
		Reprioritizing potential motifs...
	13 of 25 Initial Sequence: TTAAAGGG... (-58.546)
		Round 1: -66.54 TTAAAGGG T:381.0(1.79%),B:708.7(0.94%),P:1e-28
		Round 2: -66.54 TTAAAGGG T:381.0(1.79%),B:708.7(0.94%),P:1e-28
		=Final=: -64.63 TTAAAGGG T:364.0(1.72%),B:698.0(0.91%),P:1e-28
		Performing exhaustive masking of motif...
		Reprioritizing potential motifs...
	14 of 25 Initial Sequence: AGGGGGAG... (-42.609)
		Round 1: -122.87 AGGGGGAG T:5554.0(23.11%),B:15589.5(18.84%),P:1e-53
		Round 2: -122.87 AGGGGGAG T:5554.0(23.11%),B:15589.5(18.84%),P:1e-53
		=Final=: -182.45 AGGGGGAG T:4652.0(22.01%),B:13025.0(16.95%),P:1e-79
		Performing exhaustive masking of motif...
		Reprioritizing potential motifs...
	15 of 25 Initial Sequence: GTTGCTAT... (-40.375)
		Round 1: -93.00 GTTGCTAT T:1097.0(5.06%),B:2498.1(3.29%),P:1e-40
		Round 2: -93.00 GTTGCTAT T:1097.0(5.06%),B:2498.1(3.29%),P:1e-40
		=Final=: -100.05 GTTGCTAT T:1047.0(4.95%),B:2418.7(3.15%),P:1e-43
		Performing exhaustive masking of motif...
		Reprioritizing potential motifs...
	16 of 25 Initial Sequence: TGACATCA... (-39.435)
		Round 1: -46.69 TSACATSA T:307.0(1.44%),B:601.1(0.80%),P:1e-20
		Round 2: -46.69 TSACATSA T:307.0(1.44%),B:601.1(0.80%),P:1e-20
		=Final=: -47.93 TSACATSA T:300.0(1.42%),B:599.1(0.78%),P:1e-20
		Performing exhaustive masking of motif...
		Reprioritizing potential motifs...
	17 of 25 Initial Sequence: GCGCTATT... (-34.464)
		Round 1: -62.14 GCGCTATT T:3500.0(15.26%),B:10147.6(12.70%),P:1e-26
		Round 2: -72.01 SCGCTATW T:8936.0(34.47%),B:27403.3(30.71%),P:1e-31
		Round 3: -80.27 CCGCTATD T:10003.0(37.70%),B:30616.7(33.63%),P:1e-34
		Round 4: -88.33 SCGSTATT T:9534.0(36.30%),B:28884.9(32.07%),P:1e-38
		Round 5: -88.33 SCGSTATT T:9534.0(36.30%),B:28884.9(32.07%),P:1e-38
		=Final=: -146.35 SCGSTATT T:9185.0(43.45%),B:29018.2(37.77%),P:1e-63
		Performing exhaustive masking of motif...
		Reprioritizing potential motifs...
	18 of 25 Initial Sequence: CTGCGCAG... (-27.156)
		Round 1: -29.78 CTGCGCAG T:488.0(2.28%),B:1209.2(1.61%),P:1e-12
		Round 2: -29.78 CTGCGCAG T:488.0(2.28%),B:1209.2(1.61%),P:1e-12
		=Final=: -34.09 CTGCGCAG T:480.0(2.27%),B:1193.8(1.55%),P:1e-14
		Performing exhaustive masking of motif...
		Reprioritizing potential motifs...
	19 of 25 Initial Sequence: TGCCACCT... (-26.497)
		Round 1: -27.76 TGCCACCT T:598.0(2.79%),B:1555.0(2.06%),P:1e-12
		Round 2: -27.76 TGCCACCT T:598.0(2.79%),B:1555.0(2.06%),P:1e-12
		=Final=: -32.21 TGCCACCT T:586.0(2.77%),B:1531.6(1.99%),P:1e-13
		Performing exhaustive masking of motif...
		Reprioritizing potential motifs...
	20 of 25 Initial Sequence: CTGTCAGT... (-24.345)
		Round 1: -31.32 CTGTCAGT T:777.0(3.61%),B:2060.4(2.72%),P:1e-13
		Round 2: -42.11 CTGACAGT T:1241.0(5.70%),B:3360.0(4.40%),P:1e-18
		Round 3: -42.11 CTGACAGT T:1241.0(5.70%),B:3360.0(4.40%),P:1e-18
		=Final=: -35.83 CTGACAGT T:628.0(2.97%),B:1628.5(2.12%),P:1e-15
		Performing exhaustive masking of motif...
		Reprioritizing potential motifs...
	21 of 25 Initial Sequence: CGATTGGA... (-23.205)
		Round 1: -63.97 CGATTGGA T:1849.0(8.38%),B:4966.1(6.43%),P:1e-27
		Round 2: -72.81 CGATTGGN T:3734.0(16.19%),B:10704.2(13.35%),P:1e-31
		Round 3: -72.81 CGATTGGN T:3734.0(16.19%),B:10704.2(13.35%),P:1e-31
		=Final=: -98.18 CGATTGGN T:5568.0(26.34%),B:17148.8(22.32%),P:1e-42
		Performing exhaustive masking of motif...
		Reprioritizing potential motifs...
	22 of 25 Initial Sequence: TTGTAGTG... (-20.966)
		Round 1: -22.62 TTGTAGTG T:107.0(0.50%),B:191.0(0.25%),P:1e-9
		Round 2: -22.62 TTGTAGTG T:107.0(0.50%),B:191.0(0.25%),P:1e-9
		=Final=: -25.19 TTGTAGTG T:107.0(0.51%),B:188.7(0.25%),P:1e-10
		Performing exhaustive masking of motif...
		Reprioritizing potential motifs...
	23 of 25 Initial Sequence: GGGTGGGG... (-19.781)
		Round 1: -42.12 GGGTGGGG T:5163.0(21.67%),B:15953.1(19.23%),P:1e-18
		Round 2: -42.12 GGGTGGGG T:5163.0(21.67%),B:15953.1(19.23%),P:1e-18
		=Final=: -63.54 GGGTGGGG T:4291.0(20.30%),B:13351.8(17.38%),P:1e-27
		Performing exhaustive masking of motif...
		Reprioritizing potential motifs...
	24 of 25 Initial Sequence: TAGTTCGC... (-17.873)
		Round 1: -35.78 TAGTTCGC T:397.0(1.86%),B:904.0(1.20%),P:1e-15
		Round 2: -35.78 TAGTTCGC T:397.0(1.86%),B:904.0(1.20%),P:1e-15
		=Final=: -41.21 TAGTTCGC T:395.0(1.87%),B:896.2(1.17%),P:1e-17
		Performing exhaustive masking of motif...
		Reprioritizing potential motifs...
	25 of 25 Initial Sequence: GGCGGGCC... (-17.741)
		Round 1: -19.35 GGCGGGCC T:1157.0(5.33%),B:3421.7(4.48%),P:1e-8
		Round 2: -25.93 GGCKTGCC T:2863.0(12.67%),B:8841.7(11.16%),P:1e-11
		Round 3: -25.93 GGCKTGCC T:2863.0(12.67%),B:8841.7(11.16%),P:1e-11
		=Final=: -37.44 GGCKTGCC T:2650.0(12.54%),B:8243.0(10.73%),P:1e-16
		Performing exhaustive masking of motif...
		Reprioritizing potential motifs...

	Finalizing Enrichment Statistics (new in v3.4)
	Reading input files...
	100002 total sequences read
	Cache length = 11180
	Using binomial scoring
	Checking enrichment of 25 motif(s)
	|0%                                    50%                                  100%|
	=================================================================================
	Output in file: ./homer_results_updated/shared_peaks/motifs/homerMotifs.motifs8


	Scanning input files...
	Parsing sequences...
	|0%                                   50%                                  100%|
	================================================================================
	Total number of Oligos: 517697
	Autoadjustment for sequence coverage in background: 0.97x

	Oligos: 517697 of 551887 max
	Tree  : 1059252 of 2759435 max
	Optimizing memory usage...
	Cache length = 11180
	Using binomial scoring

	Global Optimization Phase: Looking for enriched oligos with up to 2 mismatches...

	Screening oligos 517697 (allowing 0 mismatches):
	|0%                                   50%                                  100%|
	================================================================================
		10.60% skipped, 89.40% checked (462812 of 517697), of those checked:
		10.60% not in target, 0.00% increased p-value, 0.00% high p-value

	Screening oligos 517697 (allowing 1 mismatches):
	|0%                                   50%                                  100%|
	================================================================================
		10.60% skipped, 89.40% checked (462812 of 517697), of those checked:
		0.00% not in target, 39.85% increased p-value, 44.39% high p-value

	Screening oligos 517697 (allowing 2 mismatches):
	|0%                                   50%                                  100%|
	================================================================================
		70.08% skipped, 29.92% checked (154874 of 517697), of those checked:
		0.00% not in target, 10.48% increased p-value, 0.00% high p-value
	Reading input files...
	100002 total sequences read
	Cache length = 11180
	Using binomial scoring

	Local Optimization Phase:
	1 of 25 Initial Sequence: AATGGGCGGG... (-407.539)
		Round 1: -583.15 AATGGGCGGG T:8317.0(32.53%),B:18870.7(22.33%),P:1e-253
		Round 2: -765.34 ARGGGGCGGG T:9048.0(34.82%),B:19481.5(22.96%),P:1e-332
		Round 3: -848.04 ARKGGGCGGR T:11565.0(42.14%),B:25432.3(28.86%),P:1e-368
		Round 4: -848.04 ARKGGGCGGR T:11565.0(42.14%),B:25432.3(28.86%),P:1e-368
		=Final=: -769.82 ARKGGGCGGR T:7852.0(37.14%),B:19187.0(24.97%),P:1e-334
		Performing exhaustive masking of motif...
		Reprioritizing potential motifs...
	2 of 25 Initial Sequence: CCAATTGGCG... (-334.087)
		Round 1: -547.87 CCAATTGGCG T:4693.0(19.91%),B:9504.6(11.95%),P:1e-237
		Round 2: -718.35 CCAATTGGCB T:3547.0(15.45%),B:5956.8(7.67%),P:1e-311
		Round 3: -918.70 CCAATTGGCB T:3732.0(16.18%),B:5732.5(7.39%),P:1e-398
		Round 4: -1036.58 CCRATTGGCB T:3604.0(15.67%),B:5129.6(6.64%),P:1e-450
		Round 5: -1111.17 CCRATTGGYB T:3730.0(16.18%),B:5202.6(6.73%),P:1e-482
		Round 6: -1111.17 CCRATTGGYB T:3730.0(16.18%),B:5202.6(6.73%),P:1e-482
		=Final=: -708.21 CCRATTGGYB T:1995.0(9.44%),B:2816.1(3.67%),P:1e-307
		Performing exhaustive masking of motif...
		Reprioritizing potential motifs...
	3 of 25 Initial Sequence: TGCGCATGCG... (-298.070)
		Round 1: -354.58 TGCGCATGCG T:1463.0(6.69%),B:2326.2(3.07%),P:1e-153
		Round 2: -372.20 TGCGCATGCG T:2065.0(9.31%),B:3690.8(4.82%),P:1e-161
		Round 3: -379.86 TGCGCATGCG T:1955.0(8.83%),B:3397.7(4.45%),P:1e-164
		Round 4: -379.86 TGCGCATGCG T:1955.0(8.83%),B:3397.7(4.45%),P:1e-164
		=Final=: -206.64 TGCGCATGCG T:1196.0(5.66%),B:2312.3(3.01%),P:1e-89
		Performing exhaustive masking of motif...
		Reprioritizing potential motifs...
	4 of 25 Initial Sequence: ACTACAACTC... (-291.108)
		Round 1: -460.16 ACTACAAYTC T:737.0(3.43%),B:656.2(0.87%),P:1e-199
		Round 2: -460.16 ACTACAAYTC T:737.0(3.43%),B:656.2(0.87%),P:1e-199
		=Final=: -380.49 ACTACAAYTC T:628.0(2.97%),B:606.0(0.79%),P:1e-165
		Performing exhaustive masking of motif...
		Reprioritizing potential motifs...
	5 of 25 Initial Sequence: CACTTCCGGT... (-260.758)
		Round 1: -512.11 CACTTCCGGT T:3755.0(16.27%),B:7293.6(9.30%),P:1e-222
		Round 2: -591.24 CACTTCCGGT T:6166.0(25.30%),B:13085.6(16.07%),P:1e-256
		Round 3: -606.37 YACTTCCGGY T:5455.0(22.74%),B:11150.3(13.87%),P:1e-263
		Round 4: -620.21 YRYTTCCGBY T:5398.0(22.54%),B:10929.9(13.61%),P:1e-269
		Round 5: -621.55 YAYTTCCGGY T:4527.0(19.28%),B:8717.5(11.02%),P:1e-269
		Round 6: -621.55 YAYTTCCGGY T:4527.0(19.28%),B:8717.5(11.02%),P:1e-269
		=Final=: -580.88 YAYTTCCGGY T:3742.0(17.70%),B:7700.2(10.02%),P:1e-252
		Performing exhaustive masking of motif...
		Reprioritizing potential motifs...
	6 of 25 Initial Sequence: CACTAGAGGG... (-224.567)
		Round 1: -685.06 CACTAGAGGG T:1353.0(6.20%),B:1402.5(1.86%),P:1e-297
		Round 2: -685.06 CACTAGAGGG T:1353.0(6.20%),B:1402.5(1.86%),P:1e-297
		=Final=: -730.94 CACTAGAGGG T:1320.0(6.24%),B:1380.0(1.80%),P:1e-317
		Performing exhaustive masking of motif...
		Reprioritizing potential motifs...
	7 of 25 Initial Sequence: TTACGTCACG... (-192.766)
		Round 1: -388.14 TTACGTCACG T:3201.0(14.05%),B:6484.7(8.32%),P:1e-168
		Round 2: -471.47 TSACGTSACG T:4933.0(20.81%),B:10566.8(13.19%),P:1e-204
		Round 3: -521.72 TSACGTSACB T:3276.0(14.36%),B:6056.8(7.79%),P:1e-226
		Round 4: -558.29 TSACGTSACK T:3066.0(13.50%),B:5402.1(6.98%),P:1e-242
		Round 5: -558.29 TSACGTSACK T:3066.0(13.50%),B:5402.1(6.98%),P:1e-242
		=Final=: -340.83 TSACGTSACK T:1933.0(9.14%),B:3734.9(4.86%),P:1e-148
		Performing exhaustive masking of motif...
		Reprioritizing potential motifs...
	8 of 25 Initial Sequence: CCGCCATTTT... (-153.640)
		Round 1: -280.28 CCGCCATYTT T:654.0(3.05%),B:773.7(1.03%),P:1e-121
		Round 2: -280.28 CCGCCATYTT T:654.0(3.05%),B:773.7(1.03%),P:1e-121
		=Final=: -277.44 CCGCCATYTT T:626.0(2.96%),B:760.6(0.99%),P:1e-120
		Performing exhaustive masking of motif...
		Reprioritizing potential motifs...
	9 of 25 Initial Sequence: ATGAGTCATC... (-149.347)
		Round 1: -606.99 ATGAGTCATC T:2662.0(11.83%),B:4288.6(5.58%),P:1e-263
		Round 2: -717.36 RTGASTCATC T:2101.0(9.46%),B:2780.4(3.65%),P:1e-311
		Round 3: -717.36 RTGASTCATC T:2101.0(9.46%),B:2780.4(3.65%),P:1e-311
		=Final=: -368.35 RTGASTCATC T:969.0(4.58%),B:1298.6(1.69%),P:1e-159
		Performing exhaustive masking of motif...
		Reprioritizing potential motifs...
	10 of 25 Initial Sequence: ATCTCGCGAG... (-83.130)
		Round 1: -136.02 ATCTCGCGAG T:486.0(2.27%),B:735.3(0.98%),P:1e-59
		Round 2: -140.79 NTCTCGCGAG T:328.0(1.54%),B:392.9(0.52%),P:1e-61
		Round 3: -140.79 NTCTCGCGAG T:328.0(1.54%),B:392.9(0.52%),P:1e-61
		=Final=: -89.21 NTCTCGCGAG T:224.0(1.06%),B:293.4(0.38%),P:1e-38
		Performing exhaustive masking of motif...
		Reprioritizing potential motifs...
	11 of 25 Initial Sequence: CGTTGATTGG... (-68.688)
		Round 1: -106.32 CGTTGATTGG T:2582.0(11.50%),B:6716.2(8.60%),P:1e-46
		Round 2: -136.97 CGTTGATTGG T:2134.0(9.60%),B:5122.1(6.63%),P:1e-59
		Round 3: -194.72 CGBTGATTGG T:1466.0(6.70%),B:2932.7(3.85%),P:1e-84
		Round 4: -247.35 YBNBBATTGG T:1334.0(6.12%),B:2377.6(3.13%),P:1e-107
		Round 5: -247.84 CBHYGATTGG T:1368.0(6.27%),B:2458.9(3.24%),P:1e-107
		Round 6: -260.83 HBBYBATTGG T:1375.0(6.30%),B:2429.9(3.20%),P:1e-113
		Round 7: -260.83 HBBYBATTGG T:1375.0(6.30%),B:2429.9(3.20%),P:1e-113
		=Final=: -249.34 HBBYBATTGG T:1255.0(5.94%),B:2304.3(3.00%),P:1e-108
		Performing exhaustive masking of motif...
		Reprioritizing potential motifs...
	12 of 25 Initial Sequence: TTAAAGGGGC... (-67.328)
		Round 1: -106.12 TTAAAGGGGC T:412.0(1.93%),B:652.0(0.87%),P:1e-46
		Round 2: -106.12 TTAAAGGGGC T:412.0(1.93%),B:652.0(0.87%),P:1e-46
		=Final=: -93.89 TTAAAGGGGC T:382.0(1.81%),B:641.6(0.84%),P:1e-40
		Performing exhaustive masking of motif...
		Reprioritizing potential motifs...
	13 of 25 Initial Sequence: ACCCGGATGT... (-51.135)
		Round 1: -63.59 ACCCGGATGT T:20.0(0.09%),B:2.7(0.00%),P:1e-27
		Round 2: -63.59 ACCCGGATGT T:20.0(0.09%),B:2.7(0.00%),P:1e-27
		=Final=: -54.81 ACCCGGATGT T:20.0(0.09%),B:2.3(0.00%),P:1e-23
		Performing exhaustive masking of motif...
		Reprioritizing potential motifs...
	14 of 25 Initial Sequence: CCATGGCAAC... (-48.162)
		Round 1: -95.54 CCATGGCAAC T:703.0(3.27%),B:1411.1(1.87%),P:1e-41
		Round 2: -109.07 CCATGGCAAC T:1357.0(6.22%),B:3119.6(4.09%),P:1e-47
		Round 3: -127.44 CCWTRGCAAC T:1622.0(7.39%),B:3739.9(4.88%),P:1e-55
		Round 4: -127.44 CCWTRGCAAC T:1622.0(7.39%),B:3739.9(4.88%),P:1e-55
		=Final=: -109.14 CCWTRGCAAC T:1424.0(6.74%),B:3469.6(4.52%),P:1e-47
		Performing exhaustive masking of motif...
		Reprioritizing potential motifs...
	15 of 25 Initial Sequence: TAGTTCCGCC... (-44.916)
		Round 1: -63.97 TAGTTCCGCC T:3180.0(13.97%),B:9103.4(11.48%),P:1e-27
		Round 2: -63.97 TAGTTCCGCC T:3180.0(13.97%),B:9103.4(11.48%),P:1e-27
		=Final=: -96.55 TAGTTCCGCC T:8575.0(40.56%),B:27676.4(36.02%),P:1e-41
		Performing exhaustive masking of motif...
		Reprioritizing potential motifs...
	16 of 25 Initial Sequence: CGCGCTATTT... (-34.727)
		Round 1: -39.61 CGCGCTATTT T:1424.0(6.51%),B:3957.4(5.16%),P:1e-17
		Round 2: -41.87 CGCGCTATTT T:1467.0(6.70%),B:4061.2(5.29%),P:1e-18
		Round 3: -50.62 CGCGCTATTT T:1348.0(6.18%),B:3587.7(4.69%),P:1e-21
		Round 4: -50.62 CGCGCTATTT T:1348.0(6.18%),B:3587.7(4.69%),P:1e-21
		=Final=: -64.81 CGCGCTATTT T:1287.0(6.09%),B:3405.2(4.43%),P:1e-28
		Performing exhaustive masking of motif...
		Reprioritizing potential motifs...
	17 of 25 Initial Sequence: GCTTTACGGC... (-34.161)
		Round 1: -52.81 GCTTTACGGC T:100.0(0.47%),B:107.0(0.14%),P:1e-22
		Round 2: -54.41 GCTTTACGGC T:126.0(0.59%),B:153.6(0.20%),P:1e-23
		Round 3: -54.41 GCTTTACGGC T:126.0(0.59%),B:153.6(0.20%),P:1e-23
		=Final=: -51.30 GCTTTACGGC T:118.0(0.56%),B:148.8(0.19%),P:1e-22
		Performing exhaustive masking of motif...
		Reprioritizing potential motifs...
	18 of 25 Initial Sequence: GCCACGCCCC... (-31.919)
		Round 1: -90.96 GCCACGCCCC T:1308.0(6.00%),B:3108.3(4.08%),P:1e-39
		Round 2: -97.45 GCCACGCCCC T:1519.0(6.93%),B:3664.2(4.79%),P:1e-42
		Round 3: -100.39 RCCMCGCCCH T:2131.0(9.59%),B:5432.5(7.02%),P:1e-43
		Round 4: -113.12 GCCCCGCCCH T:2387.0(10.68%),B:6069.2(7.81%),P:1e-49
		Round 5: -113.12 GCCCCGCCCH T:2387.0(10.68%),B:6069.2(7.81%),P:1e-49
		=Final=: -116.49 GCCCCGCCCH T:2176.0(10.29%),B:5713.2(7.44%),P:1e-50
		Performing exhaustive masking of motif...
		Reprioritizing potential motifs...
	19 of 25 Initial Sequence: TCCGGCCAAT... (-29.174)
		Round 1: -44.59 TCCGGCCAAT T:3130.0(13.76%),B:9291.0(11.70%),P:1e-19
		Round 2: -46.10 KCCGGCCAAT T:3421.0(14.94%),B:10195.3(12.76%),P:1e-20
		Round 3: -51.65 KCCGGCCAAT T:3582.0(15.59%),B:10603.5(13.24%),P:1e-22
		Round 4: -52.96 KCCGGCCAAT T:1858.0(8.41%),B:5128.5(6.64%),P:1e-23
		Round 5: -61.93 KCCSGCCAAT T:2393.0(10.70%),B:6668.6(8.54%),P:1e-26
		Round 6: -61.93 KCCSGCCAAT T:2393.0(10.70%),B:6668.6(8.54%),P:1e-26
		=Final=: -73.32 KCCSGCCAAT T:2257.0(10.68%),B:6406.8(8.34%),P:1e-31
		Performing exhaustive masking of motif...
		Reprioritizing potential motifs...
	20 of 25 Initial Sequence: TCCCTATTTG... (-27.983)
		Round 1: -36.97 TCCSTATWTG T:16.0(0.08%),B:4.0(0.00%),P:1e-16
		Round 2: -36.97 TCCSTATWTG T:16.0(0.08%),B:4.0(0.00%),P:1e-16
		=Final=: -34.52 TCCSTATWTG T:16.0(0.08%),B:4.0(0.01%),P:1e-14
		Performing exhaustive masking of motif...
		Reprioritizing potential motifs...
	21 of 25 Initial Sequence: GCCAATGGTC... (-27.983)
		Round 1: -12.50 GCCAATGGTC T:594.0(2.77%),B:1730.1(2.29%),P:1e-5
		Round 2: -14.89 GCCAWTGGTC T:64.0(0.30%),B:111.1(0.15%),P:1e-6
		Round 3: -19.86 GCCAWTGGTC T:289.0(1.36%),B:707.5(0.94%),P:1e-8
		Round 4: -21.25 GCCAWTGGWY T:296.0(1.39%),B:714.4(0.95%),P:1e-9
		Round 5: -21.96 GCSATTGGWY T:489.0(2.29%),B:1283.9(1.70%),P:1e-9
		Round 6: -25.22 GCSATTVRWY T:276.0(1.30%),B:631.1(0.84%),P:1e-10
		Round 7: -26.48 GCSATTGGWY T:248.0(1.17%),B:544.7(0.73%),P:1e-11
		Round 8: -34.34 GCSATTGGTY T:214.0(1.01%),B:414.6(0.55%),P:1e-14
		Round 9: -34.58 GCSATTGGWY T:214.0(1.01%),B:413.1(0.55%),P:1e-15
		Round 10: -34.58 GCSATTGGWY T:214.0(1.01%),B:413.1(0.55%),P:1e-15
		=Final=: -37.80 GCSATTGGWY T:213.0(1.01%),B:412.2(0.54%),P:1e-16
		Performing exhaustive masking of motif...
		Reprioritizing potential motifs...
	22 of 25 Initial Sequence: CCATATAAGG... (-26.417)
		Round 1: -51.03 CCATATAAGG T:78.0(0.37%),B:70.4(0.09%),P:1e-22
		Round 2: -51.03 CCATATAAGG T:78.0(0.37%),B:70.4(0.09%),P:1e-22
		=Final=: -49.08 CCATATAAGG T:75.0(0.35%),B:70.4(0.09%),P:1e-21
		Performing exhaustive masking of motif...
		Reprioritizing potential motifs...
	23 of 25 Initial Sequence: CCTTATGTAA... (-26.157)
		Round 1: -41.11 CCTTATGTAA T:93.0(0.44%),B:112.3(0.15%),P:1e-17
		Round 2: -41.15 CCTTATGYAA T:63.0(0.30%),B:57.8(0.08%),P:1e-17
		Round 3: -41.15 CCTTATGYAA T:63.0(0.30%),B:57.8(0.08%),P:1e-17
		=Final=: -43.05 CCTTATGYAA T:63.0(0.30%),B:57.8(0.08%),P:1e-18
		Performing exhaustive masking of motif...
		Reprioritizing potential motifs...
	24 of 25 Initial Sequence: TCCTCCGTTA... (-24.416)
		Round 1: -24.42 TCCTCCGTTA T:10.0(0.05%),B:2.6(0.00%),P:1e-10
		Round 2: -24.42 TCCTCCGTTA T:10.0(0.05%),B:2.6(0.00%),P:1e-10
		=Final=: -21.58 TCCTCCGTTA T:10.0(0.05%),B:2.6(0.00%),P:1e-9
		Performing exhaustive masking of motif...
		Reprioritizing potential motifs...
	25 of 25 Initial Sequence: CGAAAGCTTC... (-24.416)
		Round 1: -27.34 CGAAAGCTTC T:13.0(0.06%),B:3.9(0.00%),P:1e-11
		Round 2: -29.54 CGAAAGCTAT T:34.0(0.16%),B:24.8(0.03%),P:1e-12
		Round 3: -29.54 CGAAAGCTAT T:34.0(0.16%),B:24.8(0.03%),P:1e-12
		=Final=: -29.81 CGAAAGCTAT T:32.0(0.15%),B:23.0(0.03%),P:1e-12
		Performing exhaustive masking of motif...
		Reprioritizing potential motifs...

	Finalizing Enrichment Statistics (new in v3.4)
	Reading input files...
	100002 total sequences read
	Cache length = 11180
	Using binomial scoring
	Checking enrichment of 25 motif(s)
	|0%                                    50%                                  100%|
	=================================================================================
	Output in file: ./homer_results_updated/shared_peaks/motifs/homerMotifs.motifs10


	-blen automatically set to 2
	Scanning input files...
	Parsing sequences...
	|0%                                   50%                                  100%|
	================================================================================
	Total number of Oligos: 4632527
	Autoadjustment for sequence coverage in background: 0.97x

	Oligos: 4632527 of 8830118 max
	Tree  : 10344104 of 44150590 max
	Optimizing memory usage...
	Cache length = 11180
	Using binomial scoring

	Global Optimization Phase: Looking for enriched oligos with up to 2 mismatches...

	Screening oligos 4632527 (allowing 0 mismatches):
	|0%                                   50%                                  100%|
	================================================================================
		55.23% skipped, 44.77% checked (2074101 of 4632527), of those checked:
		55.23% not in target, 0.00% increased p-value, 0.00% high p-value

	Screening oligos 4632527 (allowing 1 mismatches):
	|0%                                   50%                                  100%|
	================================================================================
		55.23% skipped, 44.77% checked (2074101 of 4632527), of those checked:
		0.00% not in target, 27.79% increased p-value, 10.29% high p-value

	Screening oligos 4632527 (allowing 2 mismatches):
	|0%                                   50%                                  100%|
	================================================================================
		86.67% skipped, 13.33% checked (617745 of 4632527), of those checked:
		0.00% not in target, 7.48% increased p-value, 0.00% high p-value
	Reading input files...
	100002 total sequences read
	Cache length = 11180
	Using binomial scoring

	Local Optimization Phase:
	1 of 25 Initial Sequence: GCCATCTAGTGG... (-503.968)
		Round 1: -1150.22 GCCATCTAGTGG T:1102.0(5.08%),B:570.8(0.76%),P:1e-499
		Round 2: -1150.22 GCCATCTAGTGG T:1102.0(5.08%),B:570.8(0.76%),P:1e-499
		=Final=: -1191.80 GCCATCTAGTGG T:907.0(4.29%),B:373.2(0.49%),P:1e-517
		Performing exhaustive masking of motif...
		Reprioritizing potential motifs...
	2 of 25 Initial Sequence: ACTACAATTCCC... (-457.766)
		Round 1: -613.91 ACTACAAYTCCC T:762.0(3.54%),B:534.7(0.71%),P:1e-266
		Round 2: -613.91 ACTACAAYTCCC T:762.0(3.54%),B:534.7(0.71%),P:1e-266
		=Final=: -455.62 ACTACAAYTCCC T:613.0(2.90%),B:494.8(0.64%),P:1e-197
		Performing exhaustive masking of motif...
		Reprioritizing potential motifs...
	3 of 25 Initial Sequence: GCCCCGCCCCTT... (-375.966)
		Round 1: -742.05 GCCCCGCCCCTT T:5646.0(23.44%),B:10927.6(13.61%),P:1e-322
		Round 2: -928.96 GCCCCGCCCCYT T:8833.0(34.15%),B:17897.9(21.31%),P:1e-403
		Round 3: -991.33 GCCCCGCCCCCT T:10034.0(37.79%),B:20529.5(24.04%),P:1e-430
		Round 4: -991.42 GCCCCGCCCCCY T:10044.0(37.82%),B:20556.5(24.07%),P:1e-430
		Round 5: -991.42 GCCCCGCCCCCY T:10044.0(37.82%),B:20556.5(24.07%),P:1e-430
		=Final=: -897.20 GCCCCGCCCCCY T:6769.0(32.02%),B:15144.5(19.71%),P:1e-389
		Performing exhaustive masking of motif...
		Reprioritizing potential motifs...
	4 of 25 Initial Sequence: GCGCATGCGCAT... (-303.377)
		Round 1: -397.23 GCGCATGCGCAD T:2397.0(10.72%),B:4405.7(5.73%),P:1e-172
		Round 2: -453.02 GCGCATGCGCAN T:2241.0(10.06%),B:3819.7(4.99%),P:1e-196
		Round 3: -453.02 GCGCATGCGCAN T:2241.0(10.06%),B:3819.7(4.99%),P:1e-196
		=Final=: -245.80 GCGCATGCGCAN T:1062.0(5.02%),B:1829.2(2.38%),P:1e-106
		Performing exhaustive masking of motif...
		Reprioritizing potential motifs...
	5 of 25 Initial Sequence: CAGCCAATCGGA... (-216.477)
		Round 1: -541.20 CAGCCAATCGGA T:2066.0(9.31%),B:3143.7(4.12%),P:1e-235
		Round 2: -819.84 CAGCCAATCRGA T:2649.0(11.78%),B:3670.7(4.80%),P:1e-356
		Round 3: -1054.11 CRGCCAATCRGV T:2701.0(11.99%),B:3265.2(4.28%),P:1e-457
		Round 4: -1194.64 CRGCCAATSRGV T:2913.0(12.87%),B:3400.7(4.45%),P:1e-518
		Round 5: -1211.43 SRRCCAATCRVV T:2970.0(13.11%),B:3474.6(4.55%),P:1e-526
		Round 6: -1211.43 SRRCCAATCRVV T:2970.0(13.11%),B:3474.6(4.55%),P:1e-526
		=Final=: -911.01 SRRCCAATCRVV T:2177.0(10.30%),B:2796.4(3.64%),P:1e-395
		Performing exhaustive masking of motif...
		Reprioritizing potential motifs...
	6 of 25 Initial Sequence: CGGTCACGTGAC... (-177.125)
		Round 1: -269.29 CGGTCACGTGAC T:895.0(4.15%),B:1293.6(1.72%),P:1e-116
		Round 2: -270.91 SGGTCACGTGAC T:1104.0(5.09%),B:1754.0(2.32%),P:1e-117
		Round 3: -274.71 SGGTCACGTGAC T:646.0(3.01%),B:767.6(1.02%),P:1e-119
		Round 4: -295.35 SNGTCACGTGAC T:735.0(3.42%),B:903.5(1.20%),P:1e-128
		Round 5: -295.35 SNGTCACGTGAC T:735.0(3.42%),B:903.5(1.20%),P:1e-128
		=Final=: -157.35 SNGTCACGTGAC T:388.0(1.84%),B:499.5(0.65%),P:1e-68
		Performing exhaustive masking of motif...
		Reprioritizing potential motifs...
	7 of 25 Initial Sequence: CAATATGGCGGC... (-169.253)
		Round 1: -267.64 CAABATGGCGGC T:725.0(3.37%),B:937.3(1.25%),P:1e-116
		Round 2: -319.58 VAAGATGGCGGC T:732.0(3.40%),B:852.7(1.13%),P:1e-138
		Round 3: -336.76 NAAVATGGCGGC T:760.0(3.53%),B:876.7(1.17%),P:1e-146
		Round 4: -336.76 NAAVATGGCGGC T:760.0(3.53%),B:876.7(1.17%),P:1e-146
		=Final=: -330.69 NAAVATGGCGGC T:725.0(3.43%),B:864.4(1.12%),P:1e-143
		Performing exhaustive masking of motif...
		Reprioritizing potential motifs...
	8 of 25 Initial Sequence: AGTCACTTCCGG... (-146.637)
		Round 1: -231.10 AGTCACTTCCGG T:1224.0(5.63%),B:2170.8(2.86%),P:1e-100
		Round 2: -320.54 MGTCACTTCCGG T:1664.0(7.57%),B:2910.1(3.82%),P:1e-139
		Round 3: -366.39 MGYCACTTCCGG T:4091.0(17.59%),B:8966.5(11.32%),P:1e-159
		Round 4: -381.34 MGBCACTTCCGG T:5696.0(23.62%),B:13262.0(16.27%),P:1e-165
		Round 5: -389.31 VNBCACTTCCKG T:7750.0(30.69%),B:18956.1(22.42%),P:1e-169
		Round 6: -389.31 VNBCACTTCCKG T:7750.0(30.69%),B:18956.1(22.42%),P:1e-169
		=Final=: -378.60 VNBCACTTCCKG T:5635.0(26.66%),B:14554.8(18.94%),P:1e-164
		Performing exhaustive masking of motif...
		Reprioritizing potential motifs...
	9 of 25 Initial Sequence: TCTCGCGAGATA... (-109.144)
		Round 1: -153.18 TCTCGCGAGATM T:502.0(2.35%),B:727.4(0.97%),P:1e-66
		Round 2: -162.85 TCTCGCGAGATY T:321.0(1.51%),B:341.7(0.46%),P:1e-70
		Round 3: -166.20 TCTCGCGAGAWC T:349.0(1.64%),B:389.7(0.52%),P:1e-72
		Round 4: -166.20 TCTCGCGAGAWC T:349.0(1.64%),B:389.7(0.52%),P:1e-72
		=Final=: -93.67 TCTCGCGAGAWC T:153.0(0.72%),B:148.3(0.19%),P:1e-40
		Performing exhaustive masking of motif...
		Reprioritizing potential motifs...
	10 of 25 Initial Sequence: TAGTGACGTCAC... (-79.282)
		Round 1: -156.90 TAGTGACGTCAC T:957.0(4.43%),B:1794.2(2.37%),P:1e-68
		Round 2: -191.33 BRGTGACGTCAC T:1652.0(7.52%),B:3438.6(4.50%),P:1e-83
		Round 3: -205.92 BGVTGACGTCAB T:1689.0(7.68%),B:3460.7(4.53%),P:1e-89
		Round 4: -215.26 BGVTGACGTCAC T:1736.0(7.88%),B:3536.3(4.63%),P:1e-93
		Round 5: -215.26 BGVTGACGTCAC T:1736.0(7.88%),B:3536.3(4.63%),P:1e-93
		=Final=: -126.17 BGVTGACGTCAC T:915.0(4.33%),B:1905.2(2.48%),P:1e-54
		Performing exhaustive masking of motif...
		Reprioritizing potential motifs...
	11 of 25 Initial Sequence: GATGAGTCATCC... (-72.754)
		Round 1: -212.17 NVTGAGTCATNN T:1451.0(6.63%),B:2813.1(3.70%),P:1e-92
		Round 2: -420.56 NVTGAGTCATNS T:1415.0(6.47%),B:2038.2(2.69%),P:1e-182
		Round 3: -653.01 NMTGAGTCATBS T:2120.0(9.54%),B:2968.4(3.90%),P:1e-283
		Round 4: -677.79 NVTGASTCABNN T:1839.0(8.33%),B:2335.6(3.08%),P:1e-294
		Round 5: -677.79 NVTGASTCABNN T:1839.0(8.33%),B:2335.6(3.08%),P:1e-294
		=Final=: -337.19 NVTGASTCABNN T:834.0(3.95%),B:1075.4(1.40%),P:1e-146
		Performing exhaustive masking of motif...
		Reprioritizing potential motifs...
	12 of 25 Initial Sequence: TTAAAGGGGCAG... (-65.964)
		Round 1: -109.74 TTAAAGGGGCAG T:238.0(1.12%),B:272.6(0.36%),P:1e-47
		Round 2: -114.90 TTAAAGGGGCMG T:201.0(0.95%),B:198.7(0.26%),P:1e-49
		Round 3: -114.90 TTAAAGGGGCMG T:201.0(0.95%),B:198.7(0.26%),P:1e-49
		=Final=: -103.08 TTAAAGGGGCMG T:187.0(0.88%),B:196.1(0.26%),P:1e-44
		Performing exhaustive masking of motif...
		Reprioritizing potential motifs...
	13 of 25 Initial Sequence: CGCCCCCTGGTG... (-62.740)
		Round 1: -132.78 CGCCCCCTGGTG T:434.0(2.03%),B:628.1(0.84%),P:1e-57
		Round 2: -203.38 CGCCCCCTGSTG T:570.0(2.66%),B:755.2(1.01%),P:1e-88
		Round 3: -228.94 CGCCCYCTGSTG T:459.0(2.15%),B:492.9(0.66%),P:1e-99
		Round 4: -250.05 YGCCCCCTRSYG T:513.0(2.40%),B:557.9(0.74%),P:1e-108
		Round 5: -250.05 YGCCCCCTRSYG T:513.0(2.40%),B:557.9(0.74%),P:1e-108
		=Final=: -261.37 YGCCCCCTRSYG T:508.0(2.40%),B:556.7(0.72%),P:1e-113
		Performing exhaustive masking of motif...
		Reprioritizing potential motifs...
	14 of 25 Initial Sequence: GAGTTGTAGTTC... (-55.229)
		Round 1: -17.76 GAGTTGTAGTTC T:104.0(0.49%),B:201.4(0.27%),P:1e-7
		Round 2: -21.48 GAGYTGTAGTTC T:107.0(0.50%),B:194.5(0.26%),P:1e-9
		Round 3: -24.51 GAGCTGTAGTTC T:15.0(0.07%),B:5.6(0.01%),P:1e-10
		Round 4: -39.22 GAGCTGTAGTTC T:14.0(0.07%),B:3.0(0.00%),P:1e-17
		Round 5: -39.22 GAGCTGTAGTTC T:14.0(0.07%),B:3.0(0.00%),P:1e-17
		=Final=: -34.07 GAGCTGTAGTTC T:14.0(0.07%),B:3.0(0.00%),P:1e-14
		Performing exhaustive masking of motif...
		Reprioritizing potential motifs...
	15 of 25 Initial Sequence: GTTGCCATGGCA... (-48.175)
		Round 1: -81.28 GTTGCCATGGCA T:81.0(0.38%),B:47.2(0.06%),P:1e-35
		Round 2: -88.50 GTTKCCATGGYA T:250.0(1.18%),B:337.9(0.45%),P:1e-38
		Round 3: -105.15 GTTKCCATGGCA T:186.0(0.88%),B:186.0(0.25%),P:1e-45
		Round 4: -105.15 GTTKCCATGGCA T:186.0(0.88%),B:186.0(0.25%),P:1e-45
		=Final=: -66.93 GTTKCCATGGCA T:119.0(0.56%),B:124.5(0.16%),P:1e-29
		Performing exhaustive masking of motif...
		Reprioritizing potential motifs...
	16 of 25 Initial Sequence: ACGTCAAACCCG... (-47.096)
		Round 1: -47.10 ACGTCAAACCCG T:16.0(0.08%),B:1.8(0.00%),P:1e-20
		Round 2: -47.10 ACGTCAAACCCG T:16.0(0.08%),B:1.8(0.00%),P:1e-20
		=Final=: -51.58 ACGTCAAACCCG T:16.0(0.08%),B:1.8(0.00%),P:1e-22
		Performing exhaustive masking of motif...
		Reprioritizing potential motifs...
	17 of 25 Initial Sequence: ATGGTTCCGCCC... (-42.183)
		Round 1: -58.12 ATGGTTCCGCCC T:563.0(2.63%),B:1229.3(1.63%),P:1e-25
		Round 2: -58.12 ATGGTTCCGCCC T:563.0(2.63%),B:1229.3(1.63%),P:1e-25
		=Final=: -67.44 ATGGTTCCGCCC T:555.0(2.63%),B:1203.0(1.57%),P:1e-29
		Performing exhaustive masking of motif...
		Reprioritizing potential motifs...
	18 of 25 Initial Sequence: CGCGCTAATTGG... (-37.421)
		Round 1: -39.68 CGCGCTAATTGG T:165.0(0.78%),B:274.8(0.37%),P:1e-17
		Round 2: -44.71 CGCGCTAATTGG T:121.0(0.57%),B:162.1(0.22%),P:1e-19
		Round 3: -44.71 CGCGCTAATTGG T:121.0(0.57%),B:162.1(0.22%),P:1e-19
		=Final=: -47.36 CGCGCTAATTGG T:120.0(0.57%),B:161.0(0.21%),P:1e-20
		Performing exhaustive masking of motif...
		Reprioritizing potential motifs...
	19 of 25 Initial Sequence: CGTTGCTAGGAA... (-36.841)
		Round 1: -49.35 CGTTGCTAGGAA T:231.0(1.09%),B:400.3(0.53%),P:1e-21
		Round 2: -51.17 SGTTGCTAGGMA T:70.0(0.33%),B:57.3(0.08%),P:1e-22
		Round 3: -51.84 SGTTGCTAGGMA T:81.0(0.38%),B:74.9(0.10%),P:1e-22
		Round 4: -65.55 SGTTGCTAGGVA T:155.0(0.73%),B:190.6(0.25%),P:1e-28
		Round 5: -65.55 SGTTGCTAGGVA T:155.0(0.73%),B:190.6(0.25%),P:1e-28
		=Final=: -67.91 SGTTGCTAGGVA T:152.0(0.72%),B:186.2(0.24%),P:1e-29
		Performing exhaustive masking of motif...
		Reprioritizing potential motifs...
	20 of 25 Initial Sequence: CCTTATATGGCG... (-35.983)
		Round 1: -57.74 CCTTATATGGCG T:75.0(0.35%),B:58.1(0.08%),P:1e-25
		Round 2: -57.74 CCTTATATGGCG T:75.0(0.35%),B:58.1(0.08%),P:1e-25
		=Final=: -54.68 CCTTATATGGCG T:69.0(0.33%),B:54.5(0.07%),P:1e-23
		Performing exhaustive masking of motif...
		Reprioritizing potential motifs...
	21 of 25 Initial Sequence: CGGAAGTGACGC... (-35.393)
		Round 1: -23.62 CVGAAGTGACNN T:265.0(1.25%),B:610.9(0.81%),P:1e-10
		Round 2: -23.62 CVGAAGTGACNN T:265.0(1.25%),B:610.9(0.81%),P:1e-10
		=Final=: -37.46 CVGAAGTGACNN T:10983.0(51.95%),B:37726.0(49.10%),P:1e-16
		Performing exhaustive masking of motif...
		Reprioritizing potential motifs...
	22 of 25 Initial Sequence: GCCAATCGGCGC... (-35.393)
		Round 1: -39.25 NNCAATCGGCNN T:1651.0(7.51%),B:4672.8(6.07%),P:1e-17
		Round 2: -39.25 NNCAATCGGCNN T:1651.0(7.51%),B:4672.8(6.07%),P:1e-17
		=Final=: -53.73 NNCAATCGGCNN T:11150.0(52.74%),B:37870.0(49.29%),P:1e-23
		Performing exhaustive masking of motif...
		Reprioritizing potential motifs...
	23 of 25 Initial Sequence: CCCGCCCTGTTT... (-29.849)
		Round 1: -46.32 CCCGCCCTGTTT T:49.0(0.23%),B:32.0(0.04%),P:1e-20
		Round 2: -50.55 CCCGCCCTGTTT T:49.0(0.23%),B:28.5(0.04%),P:1e-21
		Round 3: -50.55 CCCGCCCTGTTT T:49.0(0.23%),B:28.5(0.04%),P:1e-21
		=Final=: -52.10 CCCGCCCTGTTT T:49.0(0.23%),B:28.5(0.04%),P:1e-22
		Performing exhaustive masking of motif...
		Reprioritizing potential motifs...
	24 of 25 Initial Sequence: CAGGGGCGGGGC... (-27.981)
		Round 1: -7.86 CAGGGGCGGGGC T:9.0(0.04%),B:7.8(0.01%),P:1e-3
		Round 2: -13.22 CASGGGCGGGGC T:12.0(0.06%),B:7.8(0.01%),P:1e-5
		Round 3: -15.85 CASGGGSGRGGC T:26.0(0.12%),B:26.8(0.03%),P:1e-6
		Round 4: -21.09 CASGGGSGVGGC T:34.0(0.16%),B:33.5(0.04%),P:1e-9
		Round 5: -21.09 CASGGGSGVGGC T:34.0(0.16%),B:33.5(0.04%),P:1e-9
		=Final=: -22.37 CASGGGSGVGGC T:34.0(0.16%),B:33.5(0.04%),P:1e-9
		Performing exhaustive masking of motif...
		Reprioritizing potential motifs...
	25 of 25 Initial Sequence: CTCGCTAGGATT... (-27.981)
		Round 1: -35.39 CTCGCTAGGATT T:13.0(0.06%),B:1.3(0.00%),P:1e-15
		Round 2: -39.22 CTCGCTAGGATT T:14.0(0.07%),B:2.3(0.00%),P:1e-17
		Round 3: -39.22 CTCGCTAGGATT T:14.0(0.07%),B:2.3(0.00%),P:1e-17
		=Final=: -34.07 CTCGCTAGGATT T:14.0(0.07%),B:2.3(0.00%),P:1e-14
		Performing exhaustive masking of motif...
		Reprioritizing potential motifs...

	Finalizing Enrichment Statistics (new in v3.4)
	Reading input files...
	100002 total sequences read
	Cache length = 11180
	Using binomial scoring
	Checking enrichment of 25 motif(s)
	|0%                                    50%                                  100%|
	=================================================================================
	Output in file: ./homer_results_updated/shared_peaks/motifs/homerMotifs.motifs12

	(Motifs in homer2 format)
	Determining similar motifs...	75 reduced to 22 motifs
	Outputing HTML and sequence logos for motif comparison...
	Checking de novo motifs against known motifs...
	Formatting HTML page...
		1 of 22 (1e-517) similar to CTCF/MA0139.2/Jaspar(0.925)
		2 of 22 (1e-407) similar to NFY(CCAAT)/Promoter/Homer(0.949)
		3 of 22 (1e-395) similar to KLF17(Zf)/2cell-Klf17-CutnTag(GSE211845)/Homer(0.961)
		4 of 22 (1e-270) similar to Fli1(ETS)/CD8-FLI-ChIP-Seq(GSE20898)/Homer(0.989)
		5 of 22 (1e-197) similar to GFY(?)/Promoter/Homer(0.981)
		6 of 22 (1e-178) similar to JunB(bZIP)/DendriticCells-Junb-ChIP-Seq(GSE36099)/Homer(0.995)
		7 of 22 (1e-168) similar to CREB3L4/MA1475.2/Jaspar(0.948)
		8 of 22 (1e-145) similar to YY1(Zf)/Promoter/Homer(0.942)
		9 of 22 (1e-109) similar to NRF1(NRF)/MCF7-NRF1-ChIP-Seq(Unpublished)/Homer(0.983)
		10 of 22 (1e-67) similar to PB0008.1_E2F2_1/Jaspar(0.685)
		11 of 22 (1e-55) similar to PB0055.1_Rfx4_1/Jaspar(0.922)
		12 of 22 (1e-51) similar to Lef1/MA0768.3/Jaspar(0.664)
		13 of 22 (1e-45) similar to BANP(?)/ESC-Banp-ChIP-Seq(GSE155603)/Homer(0.977)
		14 of 22 (1e-39) similar to PB0180.1_Sp4_2/Jaspar(0.797)
		15 of 22 (1e-32) similar to NR1I3/MA1534.2/Jaspar(0.676)
		16 of 22 (1e-24) similar to CArG(MADS)/PUER-Srf-ChIP-Seq(Sullivan_et_al.)/Homer(0.847)
		17 of 22 (1e-20) similar to NFIL3/MA0025.3/Jaspar(0.883)
		18 of 22 (1e-19) similar to Tgif1(Homeobox)/mES-Tgif1-ChIP-Seq(GSE55404)/Homer(0.892)
		19 of 22 (1e-11) similar to Rfx6/MA1724.2/Jaspar(0.649)
		20 of 22 (1e-11) similar to ZBED2/MA1971.2/Jaspar(0.705)
		21 of 22 (1e-10) similar to MF0002.1_bZIP_CREB/G-box-like_subclass/Jaspar(0.705)
		22 of 22 (1e-8) similar to OVOL2/MA1545.2/Jaspar(0.755)
	Job finished - if results look good, please send beer to ..

	Cleaning up tmp files...

